#
# There is insufficient memory for the Java Runtime Environment to continue.
# Native memory allocation (malloc) failed to allocate 1119696 bytes for Chunk::new
# Possible reasons:
#   The system is out of physical RAM or swap space
#   The process is running with CompressedOops enabled, and the Java Heap may be blocking the growth of the native heap
# Possible solutions:
#   Reduce memory load on the system
#   Increase physical memory or swap space
#   Check if swap backing store is full
#   Decrease Java heap size (-Xmx/-Xms)
#   Decrease number of Java threads
#   Decrease Java thread stack sizes (-Xss)
#   Set larger code cache with -XX:ReservedCodeCacheSize=
#   JVM is running with Unscaled Compressed Oops mode in which the Java heap is
#     placed in the first 4GB address space. The Java Heap base address is the
#     maximum limit for the native heap growth. Please use -XX:HeapBaseMinAddress
#     to set the Java Heap base and to place the Java Heap above 4GB virtual address.
# This output file may be truncated or incomplete.
#
#  Out of Memory Error (./src/hotspot/share/memory/arena.cpp:197), pid=8608, tid=11088
#
# JRE version: OpenJDK Runtime Environment (11.0.11+9) (build 11.0.11+9-b60-7590822)
# Java VM: OpenJDK 64-Bit Server VM (11.0.11+9-b60-7590822, mixed mode, tiered, compressed oops, g1 gc, windows-amd64)
# No core dump will be written. Minidumps are not enabled by default on client versions of Windows
#

---------------  S U M M A R Y ------------

Command Line: --add-opens=java.base/java.util=ALL-UNNAMED --add-opens=java.base/java.lang=ALL-UNNAMED --add-opens=java.base/java.lang.invoke=ALL-UNNAMED --add-opens=java.base/java.util=ALL-UNNAMED --add-opens=java.prefs/java.util.prefs=ALL-UNNAMED --add-opens=java.prefs/java.util.prefs=ALL-UNNAMED --add-opens=java.base/java.nio.charset=ALL-UNNAMED --add-opens=java.base/java.net=ALL-UNNAMED --add-opens=java.base/java.util.concurrent.atomic=ALL-UNNAMED -Xmx2048m -Dfile.encoding=UTF-8 -Duser.country=PT -Duser.language=pt -Duser.variant org.gradle.launcher.daemon.bootstrap.GradleDaemon 7.2

Host: 11th Gen Intel(R) Core(TM) i3-1115G4 @ 3.00GHz, 4 cores, 7G,  Windows 10 , 64 bit Build 19041 (10.0.19041.1645)
Time: Fri Apr 29 13:24:44 2022 Hora de Verão de GMT elapsed time: 12.363322 seconds (0d 0h 0m 12s)

---------------  T H R E A D  ---------------

Current thread (0x000002d7e6e19000):  JavaThread "C2 CompilerThread0" daemon [_thread_in_native, id=11088, stack(0x000000f7f8000000,0x000000f7f8100000)]


Current CompileTask:
C2:  12363 6109   !   4       java.util.jar.Attributes::read (390 bytes)

Stack: [0x000000f7f8000000,0x000000f7f8100000]
Native frames: (J=compiled Java code, j=interpreted, Vv=VM code, C=native code)
V  [jvm.dll+0x5f214a]
V  [jvm.dll+0x726fb5]
V  [jvm.dll+0x7285cd]
V  [jvm.dll+0x728c83]
V  [jvm.dll+0x243278]
V  [jvm.dll+0xbc53c]
V  [jvm.dll+0xbca3c]
V  [jvm.dll+0x353e3b]
V  [jvm.dll+0x321893]
V  [jvm.dll+0x320d8a]
V  [jvm.dll+0x1fc1e2]
V  [jvm.dll+0x1fb3d4]
V  [jvm.dll+0x183d6c]
V  [jvm.dll+0x209a57]
V  [jvm.dll+0x2082a1]
V  [jvm.dll+0x6ef58f]
V  [jvm.dll+0x6e80b5]
V  [jvm.dll+0x5f1036]
C  [ucrtbase.dll+0x21bb2]
C  [KERNEL32.DLL+0x17034]
C  [ntdll.dll+0x52651]


---------------  P R O C E S S  ---------------

Threads class SMR info:
_java_thread_list=0x000002d7ece77510, length=78, elements={
0x000002d7cca89000, 0x000002d7e6deb000, 0x000002d7e6df6800, 0x000002d7e77a2800,
0x000002d7e6e11800, 0x000002d7e6e13800, 0x000002d7e6e19000, 0x000002d7e6e1c000,
0x000002d7e6e1d000, 0x000002d7e78de000, 0x000002d7eabcb800, 0x000002d7e7b4c000,
0x000002d7e97d4000, 0x000002d7e980d000, 0x000002d7e9870800, 0x000002d7e9295000,
0x000002d7e98fc800, 0x000002d7e92aa000, 0x000002d7e998b000, 0x000002d7ead23800,
0x000002d7ead22000, 0x000002d7ead24800, 0x000002d7ead25000, 0x000002d7ead26000,
0x000002d7ead27000, 0x000002d7ead27800, 0x000002d7ead28800, 0x000002d7ead22800,
0x000002d7eb6c1800, 0x000002d7eb6c5800, 0x000002d7eb6c6800, 0x000002d7eb6c7000,
0x000002d7eb6c9000, 0x000002d7eb6ca800, 0x000002d7eb6c4800, 0x000002d7eb6cb000,
0x000002d7eb6c9800, 0x000002d7eb6cd000, 0x000002d7eb6ce800, 0x000002d7eb6cc000,
0x000002d7eb6cf800, 0x000002d7eb6cd800, 0x000002d7eadae000, 0x000002d7eadaf800,
0x000002d7eadae800, 0x000002d7eadb6000, 0x000002d7eadb5000, 0x000002d7eadb2800,
0x000002d7eadb3800, 0x000002d7eadb4800, 0x000002d7eadb1000, 0x000002d7eadb0000,
0x000002d7eadb2000, 0x000002d7eadbb000, 0x000002d7eadbc800, 0x000002d7eadbb800,
0x000002d7eadb9000, 0x000002d7eadb7800, 0x000002d7eadb7000, 0x000002d7eadba000,
0x000002d7eadb8800, 0x000002d7eae96000, 0x000002d7eae95000, 0x000002d7eae97000,
0x000002d7eae97800, 0x000002d7eae98800, 0x000002d7eae99800, 0x000002d7eae93800,
0x000002d7eae94800, 0x000002d7eae9a000, 0x000002d7eb651000, 0x000002d7eb64b000,
0x000002d7eb64e800, 0x000002d7eb64f000, 0x000002d7eb650000, 0x000002d7eb651800,
0x000002d7eb64c000, 0x000002d7eb652800
}

Java Threads: ( => current thread )
  0x000002d7cca89000 JavaThread "main" [_thread_blocked, id=13560, stack(0x000000f7f7400000,0x000000f7f7500000)]
  0x000002d7e6deb000 JavaThread "Reference Handler" daemon [_thread_blocked, id=13340, stack(0x000000f7f7b00000,0x000000f7f7c00000)]
  0x000002d7e6df6800 JavaThread "Finalizer" daemon [_thread_blocked, id=17552, stack(0x000000f7f7c00000,0x000000f7f7d00000)]
  0x000002d7e77a2800 JavaThread "Signal Dispatcher" daemon [_thread_blocked, id=1612, stack(0x000000f7f7d00000,0x000000f7f7e00000)]
  0x000002d7e6e11800 JavaThread "Attach Listener" daemon [_thread_blocked, id=7876, stack(0x000000f7f7e00000,0x000000f7f7f00000)]
  0x000002d7e6e13800 JavaThread "Service Thread" daemon [_thread_blocked, id=18020, stack(0x000000f7f7f00000,0x000000f7f8000000)]
=>0x000002d7e6e19000 JavaThread "C2 CompilerThread0" daemon [_thread_in_native, id=11088, stack(0x000000f7f8000000,0x000000f7f8100000)]
  0x000002d7e6e1c000 JavaThread "C1 CompilerThread0" daemon [_thread_blocked, id=19196, stack(0x000000f7f8100000,0x000000f7f8200000)]
  0x000002d7e6e1d000 JavaThread "Sweeper thread" daemon [_thread_blocked, id=4500, stack(0x000000f7f8200000,0x000000f7f8300000)]
  0x000002d7e78de000 JavaThread "Common-Cleaner" daemon [_thread_blocked, id=20468, stack(0x000000f7f8300000,0x000000f7f8400000)]
  0x000002d7eabcb800 JavaThread "Daemon health stats" [_thread_blocked, id=18200, stack(0x000000f7f8700000,0x000000f7f8800000)]
  0x000002d7e7b4c000 JavaThread "Incoming local TCP Connector on port 50259" [_thread_in_native, id=1544, stack(0x000000f7f8500000,0x000000f7f8600000)]
  0x000002d7e97d4000 JavaThread "Daemon periodic checks" [_thread_blocked, id=10616, stack(0x000000f7f8800000,0x000000f7f8900000)]
  0x000002d7e980d000 JavaThread "Daemon" [_thread_blocked, id=3948, stack(0x000000f7f8900000,0x000000f7f8a00000)]
  0x000002d7e9870800 JavaThread "Handler for socket connection from /127.0.0.1:50259 to /127.0.0.1:50260" [_thread_in_native, id=20356, stack(0x000000f7f8a00000,0x000000f7f8b00000)]
  0x000002d7e9295000 JavaThread "Cancel handler" [_thread_blocked, id=15328, stack(0x000000f7f8b00000,0x000000f7f8c00000)]
  0x000002d7e98fc800 JavaThread "Daemon worker" [_thread_in_Java, id=7184, stack(0x000000f7f8c00000,0x000000f7f8d00000)]
  0x000002d7e92aa000 JavaThread "Asynchronous log dispatcher for DefaultDaemonConnection: socket connection from /127.0.0.1:50259 to /127.0.0.1:50260" [_thread_blocked, id=11796, stack(0x000000f7f8d00000,0x000000f7f8e00000)]
  0x000002d7e998b000 JavaThread "Stdin handler" [_thread_blocked, id=11900, stack(0x000000f7f8e00000,0x000000f7f8f00000)]
  0x000002d7ead23800 JavaThread "Daemon client event forwarder" [_thread_blocked, id=20036, stack(0x000000f7f8f00000,0x000000f7f9000000)]
  0x000002d7ead22000 JavaThread "Cache worker for journal cache (C:\Users\pjflm\.gradle\caches\journal-1)" [_thread_blocked, id=18804, stack(0x000000f7f9200000,0x000000f7f9300000)]
  0x000002d7ead24800 JavaThread "File lock request listener" [_thread_in_native, id=9080, stack(0x000000f7f9300000,0x000000f7f9400000)]
  0x000002d7ead25000 JavaThread "Cache worker for file hash cache (C:\Users\pjflm\.gradle\caches\7.2\fileHashes)" [_thread_blocked, id=19812, stack(0x000000f7f9400000,0x000000f7f9500000)]
  0x000002d7ead26000 JavaThread "Cache worker for file hash cache (C:\Users\pjflm\StudioProjects\psi_2022_anidroid\.gradle\7.2\fileHashes)" [_thread_blocked, id=19444, stack(0x000000f7f9600000,0x000000f7f9700000)]
  0x000002d7ead27000 JavaThread "File watcher server" daemon [_thread_in_native, id=12036, stack(0x000000f7f9700000,0x000000f7f9800000)]
  0x000002d7ead27800 JavaThread "File watcher consumer" daemon [_thread_blocked, id=10100, stack(0x000000f7f9800000,0x000000f7f9900000)]
  0x000002d7ead28800 JavaThread "Cache worker for checksums cache (C:\Users\pjflm\StudioProjects\psi_2022_anidroid\.gradle\checksums)" [_thread_blocked, id=19020, stack(0x000000f7f9500000,0x000000f7f9600000)]
  0x000002d7ead22800 JavaThread "Cache worker for cache directory md-supplier (C:\Users\pjflm\.gradle\caches\7.2\md-supplier)" [_thread_blocked, id=7548, stack(0x000000f7f9900000,0x000000f7f9a00000)]
  0x000002d7eb6c1800 JavaThread "Cache worker for cache directory md-rule (C:\Users\pjflm\.gradle\caches\7.2\md-rule)" [_thread_blocked, id=13280, stack(0x000000f7f9b00000,0x000000f7f9c00000)]
  0x000002d7eb6c5800 JavaThread "Cache worker for execution history cache (C:\Users\pjflm\.gradle\caches\7.2\executionHistory)" [_thread_blocked, id=16664, stack(0x000000f7f9c00000,0x000000f7f9d00000)]
  0x000002d7eb6c6800 JavaThread "jar transforms" [_thread_blocked, id=11500, stack(0x000000f7f9a00000,0x000000f7f9b00000)]
  0x000002d7eb6c7000 JavaThread "Cache worker for file content cache (C:\Users\pjflm\.gradle\caches\7.2\fileContent)" [_thread_blocked, id=19764, stack(0x000000f7f9d00000,0x000000f7f9e00000)]
  0x000002d7eb6c9000 JavaThread "jar transforms Thread 2" [_thread_blocked, id=9224, stack(0x000000f7f9e00000,0x000000f7f9f00000)]
  0x000002d7eb6ca800 JavaThread "Cache worker for dependencies-accessors (C:\Users\pjflm\StudioProjects\psi_2022_anidroid\.gradle\7.2\dependencies-accessors)" [_thread_blocked, id=2272, stack(0x000000f7f9f00000,0x000000f7fa000000)]
  0x000002d7eb6c4800 JavaThread "jar transforms Thread 3" [_thread_blocked, id=8088, stack(0x000000f7fa000000,0x000000f7fa100000)]
  0x000002d7eb6cb000 JavaThread "Cache worker for Build Output Cleanup Cache (C:\Users\pjflm\StudioProjects\psi_2022_anidroid\.gradle\buildOutputCleanup)" [_thread_blocked, id=14628, stack(0x000000f7fa100000,0x000000f7fa200000)]
  0x000002d7eb6c9800 JavaThread "Unconstrained build operations" [_thread_blocked, id=18708, stack(0x000000f7fa200000,0x000000f7fa300000)]
  0x000002d7eb6cd000 JavaThread "Unconstrained build operations Thread 2" [_thread_blocked, id=9348, stack(0x000000f7fa300000,0x000000f7fa400000)]
  0x000002d7eb6ce800 JavaThread "Unconstrained build operations Thread 3" [_thread_blocked, id=19580, stack(0x000000f7fa400000,0x000000f7fa500000)]
  0x000002d7eb6cc000 JavaThread "Unconstrained build operations Thread 4" [_thread_blocked, id=14360, stack(0x000000f7fa500000,0x000000f7fa600000)]
  0x000002d7eb6cf800 JavaThread "Unconstrained build operations Thread 5" [_thread_blocked, id=3228, stack(0x000000f7fa600000,0x000000f7fa700000)]
  0x000002d7eb6cd800 JavaThread "Unconstrained build operations Thread 6" [_thread_blocked, id=16368, stack(0x000000f7fa700000,0x000000f7fa800000)]
  0x000002d7eadae000 JavaThread "Unconstrained build operations Thread 7" [_thread_blocked, id=2788, stack(0x000000f7fa800000,0x000000f7fa900000)]
  0x000002d7eadaf800 JavaThread "Unconstrained build operations Thread 8" [_thread_blocked, id=10924, stack(0x000000f7fa900000,0x000000f7faa00000)]
  0x000002d7eadae800 JavaThread "Unconstrained build operations Thread 9" [_thread_blocked, id=13648, stack(0x000000f7faa00000,0x000000f7fab00000)]
  0x000002d7eadb6000 JavaThread "Unconstrained build operations Thread 10" [_thread_blocked, id=11888, stack(0x000000f7fab00000,0x000000f7fac00000)]
  0x000002d7eadb5000 JavaThread "Unconstrained build operations Thread 11" [_thread_blocked, id=17784, stack(0x000000f7fac00000,0x000000f7fad00000)]
  0x000002d7eadb2800 JavaThread "Unconstrained build operations Thread 12" [_thread_blocked, id=17808, stack(0x000000f7fad00000,0x000000f7fae00000)]
  0x000002d7eadb3800 JavaThread "Unconstrained build operations Thread 13" [_thread_blocked, id=7728, stack(0x000000f7fae00000,0x000000f7faf00000)]
  0x000002d7eadb4800 JavaThread "Unconstrained build operations Thread 14" [_thread_blocked, id=13252, stack(0x000000f7faf00000,0x000000f7fb000000)]
  0x000002d7eadb1000 JavaThread "Unconstrained build operations Thread 15" [_thread_blocked, id=924, stack(0x000000f7fb000000,0x000000f7fb100000)]
  0x000002d7eadb0000 JavaThread "Unconstrained build operations Thread 16" [_thread_blocked, id=16840, stack(0x000000f7fb100000,0x000000f7fb200000)]
  0x000002d7eadb2000 JavaThread "Unconstrained build operations Thread 17" [_thread_blocked, id=19776, stack(0x000000f7fb200000,0x000000f7fb300000)]
  0x000002d7eadbb000 JavaThread "Unconstrained build operations Thread 18" [_thread_blocked, id=2936, stack(0x000000f7fb300000,0x000000f7fb400000)]
  0x000002d7eadbc800 JavaThread "Unconstrained build operations Thread 19" [_thread_blocked, id=20336, stack(0x000000f7fb400000,0x000000f7fb500000)]
  0x000002d7eadbb800 JavaThread "Unconstrained build operations Thread 20" [_thread_blocked, id=18784, stack(0x000000f7fb500000,0x000000f7fb600000)]
  0x000002d7eadb9000 JavaThread "Unconstrained build operations Thread 21" [_thread_blocked, id=8220, stack(0x000000f7fb600000,0x000000f7fb700000)]
  0x000002d7eadb7800 JavaThread "Unconstrained build operations Thread 22" [_thread_blocked, id=19320, stack(0x000000f7fb700000,0x000000f7fb800000)]
  0x000002d7eadb7000 JavaThread "Unconstrained build operations Thread 23" [_thread_blocked, id=9256, stack(0x000000f7fb800000,0x000000f7fb900000)]
  0x000002d7eadba000 JavaThread "Unconstrained build operations Thread 24" [_thread_blocked, id=14300, stack(0x000000f7fb900000,0x000000f7fba00000)]
  0x000002d7eadb8800 JavaThread "Unconstrained build operations Thread 25" [_thread_blocked, id=12956, stack(0x000000f7fba00000,0x000000f7fbb00000)]
  0x000002d7eae96000 JavaThread "Unconstrained build operations Thread 26" [_thread_blocked, id=16564, stack(0x000000f7fbb00000,0x000000f7fbc00000)]
  0x000002d7eae95000 JavaThread "Unconstrained build operations Thread 27" [_thread_blocked, id=11768, stack(0x000000f7fbc00000,0x000000f7fbd00000)]
  0x000002d7eae97000 JavaThread "Unconstrained build operations Thread 28" [_thread_blocked, id=18260, stack(0x000000f7fbd00000,0x000000f7fbe00000)]
  0x000002d7eae97800 JavaThread "Unconstrained build operations Thread 29" [_thread_blocked, id=15732, stack(0x000000f7fbe00000,0x000000f7fbf00000)]
  0x000002d7eae98800 JavaThread "Unconstrained build operations Thread 30" [_thread_blocked, id=18176, stack(0x000000f7fbf00000,0x000000f7fc000000)]
  0x000002d7eae99800 JavaThread "Unconstrained build operations Thread 31" [_thread_blocked, id=3140, stack(0x000000f7fc000000,0x000000f7fc100000)]
  0x000002d7eae93800 JavaThread "Unconstrained build operations Thread 32" [_thread_blocked, id=10624, stack(0x000000f7fc100000,0x000000f7fc200000)]
  0x000002d7eae94800 JavaThread "Unconstrained build operations Thread 33" [_thread_blocked, id=19080, stack(0x000000f7fc200000,0x000000f7fc300000)]
  0x000002d7eae9a000 JavaThread "Unconstrained build operations Thread 34" [_thread_blocked, id=11184, stack(0x000000f7fc300000,0x000000f7fc400000)]
  0x000002d7eb651000 JavaThread "Unconstrained build operations Thread 35" [_thread_blocked, id=18976, stack(0x000000f7fc400000,0x000000f7fc500000)]
  0x000002d7eb64b000 JavaThread "Unconstrained build operations Thread 36" [_thread_blocked, id=1148, stack(0x000000f7fc500000,0x000000f7fc600000)]
  0x000002d7eb64e800 JavaThread "Unconstrained build operations Thread 37" [_thread_blocked, id=1416, stack(0x000000f7fc600000,0x000000f7fc700000)]
  0x000002d7eb64f000 JavaThread "Unconstrained build operations Thread 38" [_thread_blocked, id=18988, stack(0x000000f7fc700000,0x000000f7fc800000)]
  0x000002d7eb650000 JavaThread "Unconstrained build operations Thread 39" [_thread_blocked, id=19004, stack(0x000000f7fc800000,0x000000f7fc900000)]
  0x000002d7eb651800 JavaThread "Unconstrained build operations Thread 40" [_thread_blocked, id=10304, stack(0x000000f7fc900000,0x000000f7fca00000)]
  0x000002d7eb64c000 JavaThread "jar transforms Thread 4" [_thread_blocked, id=14976, stack(0x000000f7fca00000,0x000000f7fcb00000)]
  0x000002d7eb652800 JavaThread "Memory manager" [_thread_blocked, id=9884, stack(0x000000f7fcb00000,0x000000f7fcc00000)]

Other Threads:
  0x000002d7e6de8800 VMThread "VM Thread" [stack: 0x000000f7f7a00000,0x000000f7f7b00000] [id=16712]
  0x000002d7e794b800 WatcherThread [stack: 0x000000f7f8400000,0x000000f7f8500000] [id=8312]
  0x000002d7ccaa1800 GCTaskThread "GC Thread#0" [stack: 0x000000f7f7500000,0x000000f7f7600000] [id=20304]
  0x000002d7e8471800 GCTaskThread "GC Thread#1" [stack: 0x000000f7f8600000,0x000000f7f8700000] [id=20408]
  0x000002d7e9c27000 GCTaskThread "GC Thread#2" [stack: 0x000000f7f9000000,0x000000f7f9100000] [id=13848]
  0x000002d7ea3a2000 GCTaskThread "GC Thread#3" [stack: 0x000000f7f9100000,0x000000f7f9200000] [id=7508]
  0x000002d7ccad2800 ConcurrentGCThread "G1 Main Marker" [stack: 0x000000f7f7600000,0x000000f7f7700000] [id=1580]
  0x000002d7ccad4800 ConcurrentGCThread "G1 Conc#0" [stack: 0x000000f7f7700000,0x000000f7f7800000] [id=17372]
  0x000002d7ccb61800 ConcurrentGCThread "G1 Refine#0" [stack: 0x000000f7f7800000,0x000000f7f7900000] [id=18296]
  0x000002d7ccb64800 ConcurrentGCThread "G1 Young RemSet Sampling" [stack: 0x000000f7f7900000,0x000000f7f7a00000] [id=12300]

Threads with active compile tasks:
C2 CompilerThread0  12390 6109   !   4       java.util.jar.Attributes::read (390 bytes)
C1 CompilerThread0  12390 6144       2       java.lang.ClassLoader::preDefineClass (116 bytes)

VM state:not at safepoint (normal execution)

VM Mutex/Monitor currently owned by a thread: None

Heap address: 0x0000000080000000, size: 2048 MB, Compressed Oops mode: 32-bit
Narrow klass base: 0x0000000000000000, Narrow klass shift: 3
Compressed class space size: 1073741824 Address: 0x0000000100000000

Heap:
 garbage-first heap   total 183296K, used 68462K [0x0000000080000000, 0x0000000100000000)
  region size 1024K, 25 young (25600K), 2 survivors (2048K)
 Metaspace       used 60567K, capacity 61919K, committed 62204K, reserved 1103872K
  class space    used 7677K, capacity 8209K, committed 8320K, reserved 1048576K
Heap Regions: E=young(eden), S=young(survivor), O=old, HS=humongous(starts), HC=humongous(continues), CS=collection set, F=free, A=archive, TAMS=top-at-mark-start (previous, next)
|   0|0x0000000080000000, 0x0000000080100000, 0x0000000080100000|100%| O|  |TAMS 0x0000000080100000, 0x0000000080000000| Untracked 
|   1|0x0000000080100000, 0x0000000080200000, 0x0000000080200000|100%| O|  |TAMS 0x0000000080200000, 0x0000000080100000| Untracked 
|   2|0x0000000080200000, 0x0000000080300000, 0x0000000080300000|100%| O|  |TAMS 0x0000000080300000, 0x0000000080200000| Untracked 
|   3|0x0000000080300000, 0x0000000080400000, 0x0000000080400000|100%|HS|  |TAMS 0x0000000080400000, 0x0000000080300000| Complete 
|   4|0x0000000080400000, 0x0000000080500000, 0x0000000080500000|100%|HC|  |TAMS 0x0000000080500000, 0x0000000080400000| Complete 
|   5|0x0000000080500000, 0x0000000080600000, 0x0000000080600000|100%|HC|  |TAMS 0x0000000080600000, 0x0000000080500000| Complete 
|   6|0x0000000080600000, 0x0000000080700000, 0x0000000080700000|100%| O|  |TAMS 0x0000000080700000, 0x0000000080600000| Untracked 
|   7|0x0000000080700000, 0x0000000080800000, 0x0000000080800000|100%| O|  |TAMS 0x0000000080800000, 0x0000000080700000| Untracked 
|   8|0x0000000080800000, 0x0000000080900000, 0x0000000080900000|100%| O|  |TAMS 0x0000000080900000, 0x0000000080800000| Untracked 
|   9|0x0000000080900000, 0x0000000080a00000, 0x0000000080a00000|100%| O|  |TAMS 0x0000000080a00000, 0x0000000080900000| Untracked 
|  10|0x0000000080a00000, 0x0000000080b00000, 0x0000000080b00000|100%| O|  |TAMS 0x0000000080b00000, 0x0000000080a00000| Untracked 
|  11|0x0000000080b00000, 0x0000000080c00000, 0x0000000080c00000|100%| O|  |TAMS 0x0000000080c00000, 0x0000000080b00000| Untracked 
|  12|0x0000000080c00000, 0x0000000080d00000, 0x0000000080d00000|100%| O|  |TAMS 0x0000000080d00000, 0x0000000080c00000| Untracked 
|  13|0x0000000080d00000, 0x0000000080e00000, 0x0000000080e00000|100%| O|  |TAMS 0x0000000080e00000, 0x0000000080d00000| Untracked 
|  14|0x0000000080e00000, 0x0000000080f00000, 0x0000000080f00000|100%| O|  |TAMS 0x0000000080f00000, 0x0000000080e00000| Untracked 
|  15|0x0000000080f00000, 0x0000000081000000, 0x0000000081000000|100%| O|  |TAMS 0x0000000081000000, 0x0000000080f00000| Untracked 
|  16|0x0000000081000000, 0x0000000081100000, 0x0000000081100000|100%|HS|  |TAMS 0x0000000081100000, 0x0000000081000000| Complete 
|  17|0x0000000081100000, 0x0000000081200000, 0x0000000081200000|100%| O|  |TAMS 0x0000000081200000, 0x0000000081100000| Untracked 
|  18|0x0000000081200000, 0x0000000081300000, 0x0000000081300000|100%| O|  |TAMS 0x0000000081300000, 0x0000000081200000| Untracked 
|  19|0x0000000081300000, 0x0000000081400000, 0x0000000081400000|100%| O|  |TAMS 0x0000000081400000, 0x0000000081300000| Untracked 
|  20|0x0000000081400000, 0x0000000081500000, 0x0000000081500000|100%| O|  |TAMS 0x0000000081500000, 0x0000000081400000| Untracked 
|  21|0x0000000081500000, 0x0000000081600000, 0x0000000081600000|100%| O|  |TAMS 0x0000000081600000, 0x0000000081500000| Untracked 
|  22|0x0000000081600000, 0x0000000081700000, 0x0000000081700000|100%| O|  |TAMS 0x0000000081700000, 0x0000000081600000| Untracked 
|  23|0x0000000081700000, 0x0000000081800000, 0x0000000081800000|100%| O|  |TAMS 0x0000000081800000, 0x0000000081700000| Untracked 
|  24|0x0000000081800000, 0x0000000081900000, 0x0000000081900000|100%|HS|  |TAMS 0x0000000081900000, 0x0000000081800000| Complete 
|  25|0x0000000081900000, 0x0000000081a00000, 0x0000000081a00000|100%|HS|  |TAMS 0x0000000081a00000, 0x0000000081900000| Complete 
|  26|0x0000000081a00000, 0x0000000081b00000, 0x0000000081b00000|100%|HS|  |TAMS 0x0000000081b00000, 0x0000000081a00000| Complete 
|  27|0x0000000081b00000, 0x0000000081c00000, 0x0000000081c00000|100%|HC|  |TAMS 0x0000000081c00000, 0x0000000081b00000| Complete 
|  28|0x0000000081c00000, 0x0000000081d00000, 0x0000000081d00000|100%| O|  |TAMS 0x0000000081d00000, 0x0000000081c00000| Untracked 
|  29|0x0000000081d00000, 0x0000000081e00000, 0x0000000081e00000|100%| O|  |TAMS 0x0000000081e00000, 0x0000000081d00000| Untracked 
|  30|0x0000000081e00000, 0x0000000081f00000, 0x0000000081f00000|100%| O|  |TAMS 0x0000000081f00000, 0x0000000081e00000| Untracked 
|  31|0x0000000081f00000, 0x0000000082000000, 0x0000000082000000|100%| O|  |TAMS 0x0000000082000000, 0x0000000081f00000| Untracked 
|  32|0x0000000082000000, 0x0000000082100000, 0x0000000082100000|100%| O|  |TAMS 0x0000000082100000, 0x0000000082000000| Untracked 
|  33|0x0000000082100000, 0x0000000082200000, 0x0000000082200000|100%| O|  |TAMS 0x0000000082200000, 0x0000000082100000| Untracked 
|  34|0x0000000082200000, 0x0000000082300000, 0x0000000082300000|100%| O|  |TAMS 0x0000000082300000, 0x0000000082200000| Untracked 
|  35|0x0000000082300000, 0x0000000082400000, 0x0000000082400000|100%| O|  |TAMS 0x0000000082400000, 0x0000000082300000| Untracked 
|  36|0x0000000082400000, 0x0000000082500000, 0x0000000082500000|100%| O|  |TAMS 0x0000000082500000, 0x0000000082400000| Untracked 
|  37|0x0000000082500000, 0x0000000082600000, 0x0000000082600000|100%| O|  |TAMS 0x0000000082600000, 0x0000000082500000| Untracked 
|  38|0x0000000082600000, 0x0000000082700000, 0x0000000082700000|100%| O|  |TAMS 0x0000000082700000, 0x0000000082600000| Untracked 
|  39|0x0000000082700000, 0x0000000082800000, 0x0000000082800000|100%| O|  |TAMS 0x0000000082800000, 0x0000000082700000| Untracked 
|  40|0x0000000082800000, 0x0000000082900000, 0x0000000082900000|100%| O|  |TAMS 0x0000000082900000, 0x0000000082800000| Untracked 
|  41|0x0000000082900000, 0x0000000082a00000, 0x0000000082a00000|100%| O|  |TAMS 0x0000000082a00000, 0x0000000082900000| Untracked 
|  42|0x0000000082a00000, 0x0000000082b00000, 0x0000000082b00000|100%| O|  |TAMS 0x0000000082b00000, 0x0000000082a00000| Untracked 
|  43|0x0000000082b00000, 0x0000000082bdba00, 0x0000000082c00000| 85%| O|  |TAMS 0x0000000082bdba00, 0x0000000082b00000| Untracked 
|  44|0x0000000082c00000, 0x0000000082c00000, 0x0000000082d00000|  0%| F|  |TAMS 0x0000000082c00000, 0x0000000082c00000| Untracked 
|  45|0x0000000082d00000, 0x0000000082d00000, 0x0000000082e00000|  0%| F|  |TAMS 0x0000000082d00000, 0x0000000082d00000| Untracked 
|  46|0x0000000082e00000, 0x0000000082e00000, 0x0000000082f00000|  0%| F|  |TAMS 0x0000000082e00000, 0x0000000082e00000| Untracked 
|  47|0x0000000082f00000, 0x0000000082f00000, 0x0000000083000000|  0%| F|  |TAMS 0x0000000082f00000, 0x0000000082f00000| Untracked 
|  48|0x0000000083000000, 0x0000000083000000, 0x0000000083100000|  0%| F|  |TAMS 0x0000000083000000, 0x0000000083000000| Untracked 
|  49|0x0000000083100000, 0x0000000083100000, 0x0000000083200000|  0%| F|  |TAMS 0x0000000083100000, 0x0000000083100000| Untracked 
|  50|0x0000000083200000, 0x0000000083200000, 0x0000000083300000|  0%| F|  |TAMS 0x0000000083200000, 0x0000000083200000| Untracked 
|  51|0x0000000083300000, 0x0000000083300000, 0x0000000083400000|  0%| F|  |TAMS 0x0000000083300000, 0x0000000083300000| Untracked 
|  52|0x0000000083400000, 0x0000000083400000, 0x0000000083500000|  0%| F|  |TAMS 0x0000000083400000, 0x0000000083400000| Untracked 
|  53|0x0000000083500000, 0x0000000083500000, 0x0000000083600000|  0%| F|  |TAMS 0x0000000083500000, 0x0000000083500000| Untracked 
|  54|0x0000000083600000, 0x0000000083600000, 0x0000000083700000|  0%| F|  |TAMS 0x0000000083600000, 0x0000000083600000| Untracked 
|  55|0x0000000083700000, 0x0000000083700000, 0x0000000083800000|  0%| F|  |TAMS 0x0000000083700000, 0x0000000083700000| Untracked 
|  56|0x0000000083800000, 0x0000000083800000, 0x0000000083900000|  0%| F|  |TAMS 0x0000000083800000, 0x0000000083800000| Untracked 
|  57|0x0000000083900000, 0x0000000083900000, 0x0000000083a00000|  0%| F|  |TAMS 0x0000000083900000, 0x0000000083900000| Untracked 
|  58|0x0000000083a00000, 0x0000000083a00000, 0x0000000083b00000|  0%| F|  |TAMS 0x0000000083a00000, 0x0000000083a00000| Untracked 
|  59|0x0000000083b00000, 0x0000000083b00000, 0x0000000083c00000|  0%| F|  |TAMS 0x0000000083b00000, 0x0000000083b00000| Untracked 
|  60|0x0000000083c00000, 0x0000000083c00000, 0x0000000083d00000|  0%| F|  |TAMS 0x0000000083c00000, 0x0000000083c00000| Untracked 
|  61|0x0000000083d00000, 0x0000000083d00000, 0x0000000083e00000|  0%| F|  |TAMS 0x0000000083d00000, 0x0000000083d00000| Untracked 
|  62|0x0000000083e00000, 0x0000000083e00000, 0x0000000083f00000|  0%| F|  |TAMS 0x0000000083e00000, 0x0000000083e00000| Untracked 
|  63|0x0000000083f00000, 0x0000000083f00000, 0x0000000084000000|  0%| F|  |TAMS 0x0000000083f00000, 0x0000000083f00000| Untracked 
|  64|0x0000000084000000, 0x0000000084000000, 0x0000000084100000|  0%| F|  |TAMS 0x0000000084000000, 0x0000000084000000| Untracked 
|  65|0x0000000084100000, 0x0000000084100000, 0x0000000084200000|  0%| F|  |TAMS 0x0000000084100000, 0x0000000084100000| Untracked 
|  66|0x0000000084200000, 0x0000000084200000, 0x0000000084300000|  0%| F|  |TAMS 0x0000000084200000, 0x0000000084200000| Untracked 
|  67|0x0000000084300000, 0x0000000084300000, 0x0000000084400000|  0%| F|  |TAMS 0x0000000084300000, 0x0000000084300000| Untracked 
|  68|0x0000000084400000, 0x0000000084400000, 0x0000000084500000|  0%| F|  |TAMS 0x0000000084400000, 0x0000000084400000| Untracked 
|  69|0x0000000084500000, 0x0000000084500000, 0x0000000084600000|  0%| F|  |TAMS 0x0000000084500000, 0x0000000084500000| Untracked 
|  70|0x0000000084600000, 0x0000000084600000, 0x0000000084700000|  0%| F|  |TAMS 0x0000000084600000, 0x0000000084600000| Untracked 
|  71|0x0000000084700000, 0x0000000084700000, 0x0000000084800000|  0%| F|  |TAMS 0x0000000084700000, 0x0000000084700000| Untracked 
|  72|0x0000000084800000, 0x0000000084800000, 0x0000000084900000|  0%| F|  |TAMS 0x0000000084800000, 0x0000000084800000| Untracked 
|  73|0x0000000084900000, 0x0000000084900000, 0x0000000084a00000|  0%| F|  |TAMS 0x0000000084900000, 0x0000000084900000| Untracked 
|  74|0x0000000084a00000, 0x0000000084a00000, 0x0000000084b00000|  0%| F|  |TAMS 0x0000000084a00000, 0x0000000084a00000| Untracked 
|  75|0x0000000084b00000, 0x0000000084b00000, 0x0000000084c00000|  0%| F|  |TAMS 0x0000000084b00000, 0x0000000084b00000| Untracked 
|  76|0x0000000084c00000, 0x0000000084c00000, 0x0000000084d00000|  0%| F|  |TAMS 0x0000000084c00000, 0x0000000084c00000| Untracked 
|  77|0x0000000084d00000, 0x0000000084d00000, 0x0000000084e00000|  0%| F|  |TAMS 0x0000000084d00000, 0x0000000084d00000| Untracked 
|  78|0x0000000084e00000, 0x0000000084e00000, 0x0000000084f00000|  0%| F|  |TAMS 0x0000000084e00000, 0x0000000084e00000| Untracked 
|  79|0x0000000084f00000, 0x0000000084f00000, 0x0000000085000000|  0%| F|  |TAMS 0x0000000084f00000, 0x0000000084f00000| Untracked 
|  80|0x0000000085000000, 0x0000000085000000, 0x0000000085100000|  0%| F|  |TAMS 0x0000000085000000, 0x0000000085000000| Untracked 
|  81|0x0000000085100000, 0x0000000085100000, 0x0000000085200000|  0%| F|  |TAMS 0x0000000085100000, 0x0000000085100000| Untracked 
|  82|0x0000000085200000, 0x0000000085200000, 0x0000000085300000|  0%| F|  |TAMS 0x0000000085200000, 0x0000000085200000| Untracked 
|  83|0x0000000085300000, 0x0000000085300000, 0x0000000085400000|  0%| F|  |TAMS 0x0000000085300000, 0x0000000085300000| Untracked 
|  84|0x0000000085400000, 0x0000000085400000, 0x0000000085500000|  0%| F|  |TAMS 0x0000000085400000, 0x0000000085400000| Untracked 
|  85|0x0000000085500000, 0x0000000085500000, 0x0000000085600000|  0%| F|  |TAMS 0x0000000085500000, 0x0000000085500000| Untracked 
|  86|0x0000000085600000, 0x0000000085600000, 0x0000000085700000|  0%| F|  |TAMS 0x0000000085600000, 0x0000000085600000| Untracked 
|  87|0x0000000085700000, 0x0000000085700000, 0x0000000085800000|  0%| F|  |TAMS 0x0000000085700000, 0x0000000085700000| Untracked 
|  88|0x0000000085800000, 0x0000000085800000, 0x0000000085900000|  0%| F|  |TAMS 0x0000000085800000, 0x0000000085800000| Untracked 
|  89|0x0000000085900000, 0x0000000085900000, 0x0000000085a00000|  0%| F|  |TAMS 0x0000000085900000, 0x0000000085900000| Untracked 
|  90|0x0000000085a00000, 0x0000000085a00000, 0x0000000085b00000|  0%| F|  |TAMS 0x0000000085a00000, 0x0000000085a00000| Untracked 
|  91|0x0000000085b00000, 0x0000000085b00000, 0x0000000085c00000|  0%| F|  |TAMS 0x0000000085b00000, 0x0000000085b00000| Untracked 
|  92|0x0000000085c00000, 0x0000000085c00000, 0x0000000085d00000|  0%| F|  |TAMS 0x0000000085c00000, 0x0000000085c00000| Untracked 
|  93|0x0000000085d00000, 0x0000000085d00000, 0x0000000085e00000|  0%| F|  |TAMS 0x0000000085d00000, 0x0000000085d00000| Untracked 
|  94|0x0000000085e00000, 0x0000000085e00000, 0x0000000085f00000|  0%| F|  |TAMS 0x0000000085e00000, 0x0000000085e00000| Untracked 
|  95|0x0000000085f00000, 0x0000000085f00000, 0x0000000086000000|  0%| F|  |TAMS 0x0000000085f00000, 0x0000000085f00000| Untracked 
|  96|0x0000000086000000, 0x0000000086000000, 0x0000000086100000|  0%| F|  |TAMS 0x0000000086000000, 0x0000000086000000| Untracked 
|  97|0x0000000086100000, 0x0000000086100000, 0x0000000086200000|  0%| F|  |TAMS 0x0000000086100000, 0x0000000086100000| Untracked 
|  98|0x0000000086200000, 0x0000000086200000, 0x0000000086300000|  0%| F|  |TAMS 0x0000000086200000, 0x0000000086200000| Untracked 
|  99|0x0000000086300000, 0x0000000086300000, 0x0000000086400000|  0%| F|  |TAMS 0x0000000086300000, 0x0000000086300000| Untracked 
| 100|0x0000000086400000, 0x0000000086400000, 0x0000000086500000|  0%| F|  |TAMS 0x0000000086400000, 0x0000000086400000| Untracked 
| 101|0x0000000086500000, 0x0000000086500000, 0x0000000086600000|  0%| F|  |TAMS 0x0000000086500000, 0x0000000086500000| Untracked 
| 102|0x0000000086600000, 0x0000000086600000, 0x0000000086700000|  0%| F|  |TAMS 0x0000000086600000, 0x0000000086600000| Untracked 
| 103|0x0000000086700000, 0x0000000086700000, 0x0000000086800000|  0%| F|  |TAMS 0x0000000086700000, 0x0000000086700000| Untracked 
| 104|0x0000000086800000, 0x0000000086800000, 0x0000000086900000|  0%| F|  |TAMS 0x0000000086800000, 0x0000000086800000| Untracked 
| 105|0x0000000086900000, 0x0000000086900000, 0x0000000086a00000|  0%| F|  |TAMS 0x0000000086900000, 0x0000000086900000| Untracked 
| 106|0x0000000086a00000, 0x0000000086a00000, 0x0000000086b00000|  0%| F|  |TAMS 0x0000000086a00000, 0x0000000086a00000| Untracked 
| 107|0x0000000086b00000, 0x0000000086b00000, 0x0000000086c00000|  0%| F|  |TAMS 0x0000000086b00000, 0x0000000086b00000| Untracked 
| 108|0x0000000086c00000, 0x0000000086c00000, 0x0000000086d00000|  0%| F|  |TAMS 0x0000000086c00000, 0x0000000086c00000| Untracked 
| 109|0x0000000086d00000, 0x0000000086d00000, 0x0000000086e00000|  0%| F|  |TAMS 0x0000000086d00000, 0x0000000086d00000| Untracked 
| 110|0x0000000086e00000, 0x0000000086e00000, 0x0000000086f00000|  0%| F|  |TAMS 0x0000000086e00000, 0x0000000086e00000| Untracked 
| 111|0x0000000086f00000, 0x0000000086f00000, 0x0000000087000000|  0%| F|  |TAMS 0x0000000086f00000, 0x0000000086f00000| Untracked 
| 112|0x0000000087000000, 0x0000000087000000, 0x0000000087100000|  0%| F|  |TAMS 0x0000000087000000, 0x0000000087000000| Untracked 
| 113|0x0000000087100000, 0x0000000087100000, 0x0000000087200000|  0%| F|  |TAMS 0x0000000087100000, 0x0000000087100000| Untracked 
| 114|0x0000000087200000, 0x0000000087200000, 0x0000000087300000|  0%| F|  |TAMS 0x0000000087200000, 0x0000000087200000| Untracked 
| 115|0x0000000087300000, 0x0000000087300000, 0x0000000087400000|  0%| F|  |TAMS 0x0000000087300000, 0x0000000087300000| Untracked 
| 116|0x0000000087400000, 0x0000000087400000, 0x0000000087500000|  0%| F|  |TAMS 0x0000000087400000, 0x0000000087400000| Untracked 
| 117|0x0000000087500000, 0x0000000087500000, 0x0000000087600000|  0%| F|  |TAMS 0x0000000087500000, 0x0000000087500000| Untracked 
| 118|0x0000000087600000, 0x0000000087600000, 0x0000000087700000|  0%| F|  |TAMS 0x0000000087600000, 0x0000000087600000| Untracked 
| 119|0x0000000087700000, 0x0000000087700000, 0x0000000087800000|  0%| F|  |TAMS 0x0000000087700000, 0x0000000087700000| Untracked 
| 120|0x0000000087800000, 0x0000000087800000, 0x0000000087900000|  0%| F|  |TAMS 0x0000000087800000, 0x0000000087800000| Untracked 
| 121|0x0000000087900000, 0x0000000087900000, 0x0000000087a00000|  0%| F|  |TAMS 0x0000000087900000, 0x0000000087900000| Untracked 
| 122|0x0000000087a00000, 0x0000000087a00000, 0x0000000087b00000|  0%| F|  |TAMS 0x0000000087a00000, 0x0000000087a00000| Untracked 
| 123|0x0000000087b00000, 0x0000000087b00000, 0x0000000087c00000|  0%| F|  |TAMS 0x0000000087b00000, 0x0000000087b00000| Untracked 
| 124|0x0000000087c00000, 0x0000000087c00000, 0x0000000087d00000|  0%| F|  |TAMS 0x0000000087c00000, 0x0000000087c00000| Untracked 
| 125|0x0000000087d00000, 0x0000000087d00000, 0x0000000087e00000|  0%| F|  |TAMS 0x0000000087d00000, 0x0000000087d00000| Untracked 
| 126|0x0000000087e00000, 0x0000000087e00000, 0x0000000087f00000|  0%| F|  |TAMS 0x0000000087e00000, 0x0000000087e00000| Untracked 
| 127|0x0000000087f00000, 0x0000000087f00000, 0x0000000088000000|  0%| F|  |TAMS 0x0000000087f00000, 0x0000000087f00000| Untracked 
| 128|0x0000000088000000, 0x0000000088000000, 0x0000000088100000|  0%| F|  |TAMS 0x0000000088000000, 0x0000000088000000| Untracked 
| 129|0x0000000088100000, 0x0000000088100000, 0x0000000088200000|  0%| F|  |TAMS 0x0000000088100000, 0x0000000088100000| Untracked 
| 130|0x0000000088200000, 0x0000000088200000, 0x0000000088300000|  0%| F|  |TAMS 0x0000000088200000, 0x0000000088200000| Untracked 
| 131|0x0000000088300000, 0x0000000088300000, 0x0000000088400000|  0%| F|  |TAMS 0x0000000088300000, 0x0000000088300000| Untracked 
| 132|0x0000000088400000, 0x0000000088400000, 0x0000000088500000|  0%| F|  |TAMS 0x0000000088400000, 0x0000000088400000| Untracked 
| 133|0x0000000088500000, 0x0000000088500000, 0x0000000088600000|  0%| F|  |TAMS 0x0000000088500000, 0x0000000088500000| Untracked 
| 134|0x0000000088600000, 0x0000000088600000, 0x0000000088700000|  0%| F|  |TAMS 0x0000000088600000, 0x0000000088600000| Untracked 
| 135|0x0000000088700000, 0x0000000088700000, 0x0000000088800000|  0%| F|  |TAMS 0x0000000088700000, 0x0000000088700000| Untracked 
| 136|0x0000000088800000, 0x0000000088800000, 0x0000000088900000|  0%| F|  |TAMS 0x0000000088800000, 0x0000000088800000| Untracked 
| 137|0x0000000088900000, 0x0000000088900000, 0x0000000088a00000|  0%| F|  |TAMS 0x0000000088900000, 0x0000000088900000| Untracked 
| 138|0x0000000088a00000, 0x0000000088a00000, 0x0000000088b00000|  0%| F|  |TAMS 0x0000000088a00000, 0x0000000088a00000| Untracked 
| 139|0x0000000088b00000, 0x0000000088b00000, 0x0000000088c00000|  0%| F|  |TAMS 0x0000000088b00000, 0x0000000088b00000| Untracked 
| 140|0x0000000088c00000, 0x0000000088c00000, 0x0000000088d00000|  0%| F|  |TAMS 0x0000000088c00000, 0x0000000088c00000| Untracked 
| 141|0x0000000088d00000, 0x0000000088d00000, 0x0000000088e00000|  0%| F|  |TAMS 0x0000000088d00000, 0x0000000088d00000| Untracked 
| 142|0x0000000088e00000, 0x0000000088e00000, 0x0000000088f00000|  0%| F|  |TAMS 0x0000000088e00000, 0x0000000088e00000| Untracked 
| 143|0x0000000088f00000, 0x0000000088f00000, 0x0000000089000000|  0%| F|  |TAMS 0x0000000088f00000, 0x0000000088f00000| Untracked 
| 144|0x0000000089000000, 0x0000000089000000, 0x0000000089100000|  0%| F|  |TAMS 0x0000000089000000, 0x0000000089000000| Untracked 
| 145|0x0000000089100000, 0x0000000089200000, 0x0000000089200000|100%| S|CS|TAMS 0x0000000089100000, 0x0000000089100000| Complete 
| 146|0x0000000089200000, 0x0000000089300000, 0x0000000089300000|100%| S|CS|TAMS 0x0000000089200000, 0x0000000089200000| Complete 
| 147|0x0000000089300000, 0x0000000089300000, 0x0000000089400000|  0%| F|  |TAMS 0x0000000089300000, 0x0000000089300000| Untracked 
| 148|0x0000000089400000, 0x0000000089400000, 0x0000000089500000|  0%| F|  |TAMS 0x0000000089400000, 0x0000000089400000| Untracked 
| 149|0x0000000089500000, 0x0000000089500000, 0x0000000089600000|  0%| F|  |TAMS 0x0000000089500000, 0x0000000089500000| Untracked 
| 150|0x0000000089600000, 0x0000000089600000, 0x0000000089700000|  0%| F|  |TAMS 0x0000000089600000, 0x0000000089600000| Untracked 
| 151|0x0000000089700000, 0x0000000089700000, 0x0000000089800000|  0%| F|  |TAMS 0x0000000089700000, 0x0000000089700000| Untracked 
| 152|0x0000000089800000, 0x0000000089800000, 0x0000000089900000|  0%| F|  |TAMS 0x0000000089800000, 0x0000000089800000| Untracked 
| 153|0x0000000089900000, 0x0000000089900000, 0x0000000089a00000|  0%| F|  |TAMS 0x0000000089900000, 0x0000000089900000| Untracked 
| 154|0x0000000089a00000, 0x0000000089a00000, 0x0000000089b00000|  0%| F|  |TAMS 0x0000000089a00000, 0x0000000089a00000| Untracked 
| 155|0x0000000089b00000, 0x0000000089b00000, 0x0000000089c00000|  0%| F|  |TAMS 0x0000000089b00000, 0x0000000089b00000| Untracked 
| 156|0x0000000089c00000, 0x0000000089c80800, 0x0000000089d00000| 50%| E|  |TAMS 0x0000000089c00000, 0x0000000089c00000| Complete 
| 157|0x0000000089d00000, 0x0000000089e00000, 0x0000000089e00000|100%| E|CS|TAMS 0x0000000089d00000, 0x0000000089d00000| Complete 
| 158|0x0000000089e00000, 0x0000000089f00000, 0x0000000089f00000|100%| E|CS|TAMS 0x0000000089e00000, 0x0000000089e00000| Complete 
| 159|0x0000000089f00000, 0x000000008a000000, 0x000000008a000000|100%| E|CS|TAMS 0x0000000089f00000, 0x0000000089f00000| Complete 
| 160|0x000000008a000000, 0x000000008a100000, 0x000000008a100000|100%| E|CS|TAMS 0x000000008a000000, 0x000000008a000000| Complete 
| 161|0x000000008a100000, 0x000000008a200000, 0x000000008a200000|100%| E|CS|TAMS 0x000000008a100000, 0x000000008a100000| Complete 
| 162|0x000000008a200000, 0x000000008a300000, 0x000000008a300000|100%| E|  |TAMS 0x000000008a200000, 0x000000008a200000| Complete 
| 163|0x000000008a300000, 0x000000008a400000, 0x000000008a400000|100%| E|CS|TAMS 0x000000008a300000, 0x000000008a300000| Complete 
| 164|0x000000008a400000, 0x000000008a500000, 0x000000008a500000|100%| E|CS|TAMS 0x000000008a400000, 0x000000008a400000| Complete 
| 165|0x000000008a500000, 0x000000008a600000, 0x000000008a600000|100%| E|CS|TAMS 0x000000008a500000, 0x000000008a500000| Complete 
| 166|0x000000008a600000, 0x000000008a700000, 0x000000008a700000|100%| E|CS|TAMS 0x000000008a600000, 0x000000008a600000| Complete 
| 167|0x000000008a700000, 0x000000008a800000, 0x000000008a800000|100%| E|CS|TAMS 0x000000008a700000, 0x000000008a700000| Complete 
| 168|0x000000008a800000, 0x000000008a900000, 0x000000008a900000|100%| E|CS|TAMS 0x000000008a800000, 0x000000008a800000| Complete 
| 169|0x000000008a900000, 0x000000008aa00000, 0x000000008aa00000|100%| E|CS|TAMS 0x000000008a900000, 0x000000008a900000| Complete 
| 170|0x000000008aa00000, 0x000000008ab00000, 0x000000008ab00000|100%| E|CS|TAMS 0x000000008aa00000, 0x000000008aa00000| Complete 
| 171|0x000000008ab00000, 0x000000008ac00000, 0x000000008ac00000|100%| E|CS|TAMS 0x000000008ab00000, 0x000000008ab00000| Complete 
| 172|0x000000008ac00000, 0x000000008ad00000, 0x000000008ad00000|100%| E|CS|TAMS 0x000000008ac00000, 0x000000008ac00000| Complete 
| 173|0x000000008ad00000, 0x000000008ae00000, 0x000000008ae00000|100%| E|CS|TAMS 0x000000008ad00000, 0x000000008ad00000| Complete 
| 174|0x000000008ae00000, 0x000000008af00000, 0x000000008af00000|100%| E|CS|TAMS 0x000000008ae00000, 0x000000008ae00000| Complete 
| 175|0x000000008af00000, 0x000000008b000000, 0x000000008b000000|100%| E|CS|TAMS 0x000000008af00000, 0x000000008af00000| Complete 
| 176|0x000000008b000000, 0x000000008b100000, 0x000000008b100000|100%| E|CS|TAMS 0x000000008b000000, 0x000000008b000000| Complete 
| 177|0x000000008b100000, 0x000000008b200000, 0x000000008b200000|100%| E|CS|TAMS 0x000000008b100000, 0x000000008b100000| Complete 
| 178|0x000000008b200000, 0x000000008b300000, 0x000000008b300000|100%| E|CS|TAMS 0x000000008b200000, 0x000000008b200000| Complete 

Card table byte_map: [0x000002d7dffb0000,0x000002d7e03b0000] _byte_map_base: 0x000002d7dfbb0000

Marking Bits (Prev, Next): (CMBitMap*) 0x000002d7ccac9b70, (CMBitMap*) 0x000002d7ccac9b38
 Prev Bits: [0x000002d7e27b0000, 0x000002d7e47b0000)
 Next Bits: [0x000002d7e07b0000, 0x000002d7e27b0000)

Polling page: 0x000002d7cb180000

Metaspace:

Usage:
  Non-class:     52.51 MB capacity,    51.69 MB ( 98%) used,   688.96 KB (  1%) free+waste,   155.94 KB ( <1%) overhead. 
      Class:      8.05 MB capacity,     7.51 MB ( 93%) used,   478.66 KB (  6%) free+waste,    73.69 KB ( <1%) overhead. 
       Both:     60.56 MB capacity,    59.20 MB ( 98%) used,     1.14 MB (  2%) free+waste,   229.63 KB ( <1%) overhead. 

Virtual space:
  Non-class space:       54.00 MB reserved,      52.62 MB ( 97%) committed 
      Class space:        1.00 GB reserved,       8.13 MB ( <1%) committed 
             Both:        1.05 GB reserved,      60.75 MB (  6%) committed 

Chunk freelists:
   Non-Class:  46.00 KB
       Class:  15.00 KB
        Both:  61.00 KB

MaxMetaspaceSize: 17179869184.00 GB
CompressedClassSpaceSize: 1.00 GB

CodeHeap 'non-profiled nmethods': size=120064Kb used=3571Kb max_used=3571Kb free=116493Kb
 bounds [0x000002d7d8050000, 0x000002d7d83d0000, 0x000002d7df590000]
CodeHeap 'profiled nmethods': size=120000Kb used=12729Kb max_used=12729Kb free=107270Kb
 bounds [0x000002d7d0b20000, 0x000002d7d1790000, 0x000002d7d8050000]
CodeHeap 'non-nmethods': size=5696Kb used=2268Kb max_used=2290Kb free=3428Kb
 bounds [0x000002d7d0590000, 0x000002d7d0800000, 0x000002d7d0b20000]
 total_blobs=6960 nmethods=6116 adapters=755
 compilation: enabled
              stopped_count=0, restarted_count=0
 full_count=0

Compilation events (20 events):
Event: 12.332 Thread 0x000002d7e6e1c000 6124  s    2       java.util.Vector::elementAt (48 bytes)
Event: 12.333 Thread 0x000002d7e6e1c000 nmethod 6124 0x000002d7d1781b90 code [0x000002d7d1781dc0, 0x000002d7d17823c8]
Event: 12.333 Thread 0x000002d7e6e1c000 6125       2       java.util.Vector::elementData (7 bytes)
Event: 12.333 Thread 0x000002d7e6e1c000 nmethod 6125 0x000002d7d1782690 code [0x000002d7d1782840, 0x000002d7d1782958]
Event: 12.333 Thread 0x000002d7e6e1c000 6126       2       java.lang.String::regionMatches (150 bytes)
Event: 12.333 Thread 0x000002d7e6e1c000 nmethod 6126 0x000002d7d1782a10 code [0x000002d7d1782c00, 0x000002d7d1782f08]
Event: 12.334 Thread 0x000002d7e6e1c000 6127       2       sun.security.util.ObjectIdentifier::equals (33 bytes)
Event: 12.334 Thread 0x000002d7e6e1c000 nmethod 6127 0x000002d7d1783110 code [0x000002d7d17832e0, 0x000002d7d17834a8]
Event: 12.334 Thread 0x000002d7e6e1c000 6128       2       java.lang.StringLatin1::regionMatchesCI (92 bytes)
Event: 12.334 Thread 0x000002d7e6e1c000 nmethod 6128 0x000002d7d1783590 code [0x000002d7d17837c0, 0x000002d7d1783c18]
Event: 12.338 Thread 0x000002d7e6e1c000 6130       2       java.math.MutableBigInteger::compare (106 bytes)
Event: 12.338 Thread 0x000002d7e6e1c000 nmethod 6130 0x000002d7d1783f90 code [0x000002d7d1784160, 0x000002d7d17843b8]
Event: 12.338 Thread 0x000002d7e6e1c000 6131       2       java.util.Arrays::copyOfRange (63 bytes)
Event: 12.339 Thread 0x000002d7e6e1c000 nmethod 6131 0x000002d7d1784590 code [0x000002d7d17847c0, 0x000002d7d1784cf8]
Event: 12.340 Thread 0x000002d7e6e1c000 6132       2       java.math.BigInteger::squareToLen (33 bytes)
Event: 12.340 Thread 0x000002d7e6e1c000 nmethod 6132 0x000002d7d1784f90 code [0x000002d7d1785160, 0x000002d7d1785378]
Event: 12.340 Thread 0x000002d7e6e1c000 6133       2       java.math.BigInteger::implSquareToLenChecks (198 bytes)
Event: 12.341 Thread 0x000002d7e6e1c000 nmethod 6133 0x000002d7d1785490 code [0x000002d7d1785860, 0x000002d7d17868d8]
Event: 12.341 Thread 0x000002d7e6e1c000 6134       2       java.math.BigInteger::multiplyToLenCheck (28 bytes)
Event: 12.341 Thread 0x000002d7e6e1c000 nmethod 6134 0x000002d7d1787090 code [0x000002d7d1787260, 0x000002d7d17874d8]

GC Heap History (20 events):
Event: 0.874 GC heap before
{Heap before GC invocations=1 (full 0):
 garbage-first heap   total 126976K, used 18794K [0x0000000080000000, 0x0000000100000000)
  region size 1024K, 13 young (13312K), 2 survivors (2048K)
 Metaspace       used 10258K, capacity 10555K, committed 10624K, reserved 1058816K
  class space    used 1072K, capacity 1141K, committed 1152K, reserved 1048576K
}
Event: 0.877 GC heap after
{Heap after GC invocations=2 (full 0):
 garbage-first heap   total 126976K, used 9549K [0x0000000080000000, 0x0000000100000000)
  region size 1024K, 2 young (2048K), 2 survivors (2048K)
 Metaspace       used 10258K, capacity 10555K, committed 10624K, reserved 1058816K
  class space    used 1072K, capacity 1141K, committed 1152K, reserved 1048576K
}
Event: 1.262 GC heap before
{Heap before GC invocations=2 (full 0):
 garbage-first heap   total 126976K, used 38221K [0x0000000080000000, 0x0000000100000000)
  region size 1024K, 29 young (29696K), 2 survivors (2048K)
 Metaspace       used 11230K, capacity 11510K, committed 11776K, reserved 1060864K
  class space    used 1174K, capacity 1246K, committed 1280K, reserved 1048576K
}
Event: 1.265 GC heap after
{Heap after GC invocations=3 (full 0):
 garbage-first heap   total 126976K, used 12916K [0x0000000080000000, 0x0000000100000000)
  region size 1024K, 4 young (4096K), 4 survivors (4096K)
 Metaspace       used 11230K, capacity 11510K, committed 11776K, reserved 1060864K
  class space    used 1174K, capacity 1246K, committed 1280K, reserved 1048576K
}
Event: 2.210 GC heap before
{Heap before GC invocations=3 (full 0):
 garbage-first heap   total 126976K, used 52852K [0x0000000080000000, 0x0000000100000000)
  region size 1024K, 44 young (45056K), 4 survivors (4096K)
 Metaspace       used 17402K, capacity 17800K, committed 18048K, reserved 1064960K
  class space    used 2038K, capacity 2155K, committed 2176K, reserved 1048576K
}
Event: 2.217 GC heap after
{Heap after GC invocations=4 (full 0):
 garbage-first heap   total 126976K, used 16341K [0x0000000080000000, 0x0000000100000000)
  region size 1024K, 6 young (6144K), 6 survivors (6144K)
 Metaspace       used 17402K, capacity 17800K, committed 18048K, reserved 1064960K
  class space    used 2038K, capacity 2155K, committed 2176K, reserved 1048576K
}
Event: 2.677 GC heap before
{Heap before GC invocations=4 (full 0):
 garbage-first heap   total 126976K, used 45013K [0x0000000080000000, 0x0000000100000000)
  region size 1024K, 35 young (35840K), 6 survivors (6144K)
 Metaspace       used 20666K, capacity 21104K, committed 21296K, reserved 1069056K
  class space    used 2533K, capacity 2660K, committed 2688K, reserved 1048576K
}
Event: 2.682 GC heap after
{Heap after GC invocations=5 (full 0):
 garbage-first heap   total 152576K, used 17380K [0x0000000080000000, 0x0000000100000000)
  region size 1024K, 5 young (5120K), 5 survivors (5120K)
 Metaspace       used 20666K, capacity 21104K, committed 21296K, reserved 1069056K
  class space    used 2533K, capacity 2660K, committed 2688K, reserved 1048576K
}
Event: 3.853 GC heap before
{Heap before GC invocations=6 (full 0):
 garbage-first heap   total 152576K, used 79844K [0x0000000080000000, 0x0000000100000000)
  region size 1024K, 66 young (67584K), 5 survivors (5120K)
 Metaspace       used 26695K, capacity 27365K, committed 27568K, reserved 1073152K
  class space    used 3506K, capacity 3734K, committed 3840K, reserved 1048576K
}
Event: 3.861 GC heap after
{Heap after GC invocations=7 (full 0):
 garbage-first heap   total 152576K, used 19845K [0x0000000080000000, 0x0000000100000000)
  region size 1024K, 4 young (4096K), 4 survivors (4096K)
 Metaspace       used 26695K, capacity 27365K, committed 27568K, reserved 1073152K
  class space    used 3506K, capacity 3734K, committed 3840K, reserved 1048576K
}
Event: 5.094 GC heap before
{Heap before GC invocations=7 (full 0):
 garbage-first heap   total 152576K, used 68997K [0x0000000080000000, 0x0000000100000000)
  region size 1024K, 53 young (54272K), 4 survivors (4096K)
 Metaspace       used 34906K, capacity 35648K, committed 35708K, reserved 1081344K
  class space    used 4542K, capacity 4861K, committed 4864K, reserved 1048576K
}
Event: 5.104 GC heap after
{Heap after GC invocations=8 (full 0):
 garbage-first heap   total 152576K, used 22884K [0x0000000080000000, 0x0000000100000000)
  region size 1024K, 7 young (7168K), 7 survivors (7168K)
 Metaspace       used 34906K, capacity 35648K, committed 35708K, reserved 1081344K
  class space    used 4542K, capacity 4861K, committed 4864K, reserved 1048576K
}
Event: 6.851 GC heap before
{Heap before GC invocations=9 (full 0):
 garbage-first heap   total 152576K, used 95588K [0x0000000080000000, 0x0000000100000000)
  region size 1024K, 76 young (77824K), 7 survivors (7168K)
 Metaspace       used 40422K, capacity 41339K, committed 41596K, reserved 1085440K
  class space    used 5184K, capacity 5537K, committed 5632K, reserved 1048576K
}
Event: 6.866 GC heap after
{Heap after GC invocations=10 (full 0):
 garbage-first heap   total 152576K, used 28365K [0x0000000080000000, 0x0000000100000000)
  region size 1024K, 9 young (9216K), 9 survivors (9216K)
 Metaspace       used 40422K, capacity 41339K, committed 41596K, reserved 1085440K
  class space    used 5184K, capacity 5537K, committed 5632K, reserved 1048576K
}
Event: 7.913 GC heap before
{Heap before GC invocations=10 (full 0):
 garbage-first heap   total 152576K, used 102093K [0x0000000080000000, 0x0000000100000000)
  region size 1024K, 81 young (82944K), 9 survivors (9216K)
 Metaspace       used 46855K, capacity 47927K, committed 48124K, reserved 1091584K
  class space    used 6032K, capacity 6468K, committed 6528K, reserved 1048576K
}
Event: 7.926 GC heap after
{Heap after GC invocations=11 (full 0):
 garbage-first heap   total 152576K, used 30674K [0x0000000080000000, 0x0000000100000000)
  region size 1024K, 8 young (8192K), 8 survivors (8192K)
 Metaspace       used 46855K, capacity 47927K, committed 48124K, reserved 1091584K
  class space    used 6032K, capacity 6468K, committed 6528K, reserved 1048576K
}
Event: 10.318 GC heap before
{Heap before GC invocations=11 (full 0):
 garbage-first heap   total 152576K, used 116690K [0x0000000080000000, 0x0000000100000000)
  region size 1024K, 88 young (90112K), 8 survivors (8192K)
 Metaspace       used 53058K, capacity 54421K, committed 54524K, reserved 1097728K
  class space    used 6749K, capacity 7271K, committed 7296K, reserved 1048576K
}
Event: 10.332 GC heap after
{Heap after GC invocations=12 (full 0):
 garbage-first heap   total 183296K, used 44493K [0x0000000080000000, 0x0000000100000000)
  region size 1024K, 11 young (11264K), 11 survivors (11264K)
 Metaspace       used 53058K, capacity 54421K, committed 54524K, reserved 1097728K
  class space    used 6749K, capacity 7271K, committed 7296K, reserved 1048576K
}
Event: 12.060 GC heap before
{Heap before GC invocations=12 (full 0):
 garbage-first heap   total 183296K, used 76237K [0x0000000080000000, 0x0000000100000000)
  region size 1024K, 43 young (44032K), 11 survivors (11264K)
 Metaspace       used 58423K, capacity 59782K, committed 59900K, reserved 1101824K
  class space    used 7414K, capacity 7966K, committed 8064K, reserved 1048576K
}
Event: 12.083 GC heap after
{Heap after GC invocations=13 (full 0):
 garbage-first heap   total 183296K, used 46958K [0x0000000080000000, 0x0000000100000000)
  region size 1024K, 2 young (2048K), 2 survivors (2048K)
 Metaspace       used 58423K, capacity 59782K, committed 59900K, reserved 1101824K
  class space    used 7414K, capacity 7966K, committed 8064K, reserved 1048576K
}

Deoptimization events (20 events):
Event: 12.337 Thread 0x000002d7e98fc800 DEOPT PACKING pc=0x000002d7d12c5849 sp=0x000000f7f8cf3cf0
Event: 12.337 Thread 0x000002d7e98fc800 DEOPT UNPACKING pc=0x000002d7d05b7c0e sp=0x000000f7f8cf3168 mode 0
Event: 12.337 Thread 0x000002d7e98fc800 DEOPT PACKING pc=0x000002d7d12c5849 sp=0x000000f7f8cf3cf0
Event: 12.337 Thread 0x000002d7e98fc800 DEOPT UNPACKING pc=0x000002d7d05b7c0e sp=0x000000f7f8cf3168 mode 0
Event: 12.337 Thread 0x000002d7e98fc800 DEOPT PACKING pc=0x000002d7d12c5849 sp=0x000000f7f8cf3cf0
Event: 12.337 Thread 0x000002d7e98fc800 DEOPT UNPACKING pc=0x000002d7d05b7c0e sp=0x000000f7f8cf3168 mode 0
Event: 12.337 Thread 0x000002d7e98fc800 DEOPT PACKING pc=0x000002d7d12c5849 sp=0x000000f7f8cf3cf0
Event: 12.337 Thread 0x000002d7e98fc800 DEOPT UNPACKING pc=0x000002d7d05b7c0e sp=0x000000f7f8cf3168 mode 0
Event: 12.338 Thread 0x000002d7e98fc800 DEOPT PACKING pc=0x000002d7d12c5849 sp=0x000000f7f8cf3cf0
Event: 12.338 Thread 0x000002d7e98fc800 DEOPT UNPACKING pc=0x000002d7d05b7c0e sp=0x000000f7f8cf3168 mode 0
Event: 12.338 Thread 0x000002d7e98fc800 DEOPT PACKING pc=0x000002d7d12c5849 sp=0x000000f7f8cf3cf0
Event: 12.338 Thread 0x000002d7e98fc800 DEOPT UNPACKING pc=0x000002d7d05b7c0e sp=0x000000f7f8cf3168 mode 0
Event: 12.338 Thread 0x000002d7e98fc800 DEOPT PACKING pc=0x000002d7d12c5849 sp=0x000000f7f8cf3cf0
Event: 12.338 Thread 0x000002d7e98fc800 DEOPT UNPACKING pc=0x000002d7d05b7c0e sp=0x000000f7f8cf3168 mode 0
Event: 12.338 Thread 0x000002d7e98fc800 DEOPT PACKING pc=0x000002d7d12c5849 sp=0x000000f7f8cf3cf0
Event: 12.338 Thread 0x000002d7e98fc800 DEOPT UNPACKING pc=0x000002d7d05b7c0e sp=0x000000f7f8cf3168 mode 0
Event: 12.357 Thread 0x000002d7e98fc800 Uncommon trap: trap_request=0xffffff4d fr.pc=0x000002d7d8386bbc relative=0x000000000000009c
Event: 12.357 Thread 0x000002d7e98fc800 Uncommon trap: reason=unstable_if action=reinterpret pc=0x000002d7d8386bbc method=java.security.CodeSource.matchCerts(Ljava/security/CodeSource;Z)Z @ 11 c2
Event: 12.357 Thread 0x000002d7e98fc800 DEOPT PACKING pc=0x000002d7d8386bbc sp=0x000000f7f8cf11b0
Event: 12.357 Thread 0x000002d7e98fc800 DEOPT UNPACKING pc=0x000002d7d05983af sp=0x000000f7f8cf1148 mode 2

Classes redefined (0 events):
No events

Internal exceptions (20 events):
Event: 9.132 Thread 0x000002d7ead23800 Exception <a 'java/lang/NoSuchMethodError'{0x0000000086500490}: <clinit>> (0x0000000086500490) thrown at [./src/hotspot/share/prims/jni.cpp, line 1362]
Event: 9.133 Thread 0x000002d7ead23800 Exception <a 'java/lang/NoSuchMethodError'{0x00000000865017e0}: <clinit>> (0x00000000865017e0) thrown at [./src/hotspot/share/prims/jni.cpp, line 1362]
Event: 9.133 Thread 0x000002d7ead23800 Exception <a 'java/lang/NoSuchMethodError'{0x0000000086502ae8}: <clinit>> (0x0000000086502ae8) thrown at [./src/hotspot/share/prims/jni.cpp, line 1362]
Event: 9.133 Thread 0x000002d7ead23800 Exception <a 'java/lang/NoSuchMethodError'{0x0000000086503b08}: <clinit>> (0x0000000086503b08) thrown at [./src/hotspot/share/prims/jni.cpp, line 1362]
Event: 9.135 Thread 0x000002d7ead23800 Exception <a 'java/lang/NoSuchMethodError'{0x0000000086515ea0}: <clinit>> (0x0000000086515ea0) thrown at [./src/hotspot/share/prims/jni.cpp, line 1362]
Event: 9.135 Thread 0x000002d7ead23800 Exception <a 'java/lang/NoSuchMethodError'{0x00000000865201a8}: <clinit>> (0x00000000865201a8) thrown at [./src/hotspot/share/prims/jni.cpp, line 1362]
Event: 9.137 Thread 0x000002d7ead23800 Exception <a 'java/lang/NoSuchMethodError'{0x0000000086533b10}: <clinit>> (0x0000000086533b10) thrown at [./src/hotspot/share/prims/jni.cpp, line 1362]
Event: 9.181 Thread 0x000002d7e98fc800 Exception <a 'java/lang/ClassNotFoundException'{0x000000008640d358}: org/gradle/api/internal/plugins/DefaultObjectConfigurationActionBeanInfo> (0x000000008640d358) thrown at [./src/hotspot/share/classfile/systemDictionary.cpp, line 231]
Event: 9.181 Thread 0x000002d7e98fc800 Exception <a 'java/lang/ClassNotFoundException'{0x0000000086442448}: org/gradle/api/internal/plugins/DefaultObjectConfigurationActionCustomizer> (0x0000000086442448) thrown at [./src/hotspot/share/classfile/systemDictionary.cpp, line 231]
Event: 9.540 Thread 0x000002d7e98fc800 Exception <a 'java/lang/NoSuchMethodError'{0x0000000085a8d358}: 'java.lang.Object java.lang.invoke.DirectMethodHandle$Holder.invokeStatic(java.lang.Object, java.lang.Object, java.lang.Object, java.lang.Object, int)'> (0x0000000085a8d358) thrown at [./src/hotspot/share/interpreter/linkResolver.cpp, line 773]
Event: 9.540 Thread 0x000002d7e98fc800 Exception <a 'java/lang/NoSuchMethodError'{0x0000000085a91d50}: 'java.lang.Object java.lang.invoke.DirectMethodHandle$Holder.invokeSpecial(java.lang.Object, java.lang.Object, java.lang.Object, java.lang.Object, java.lang.Object, int)'> (0x0000000085a91d50) thrown at [./src/hotspot/share/interpreter/linkResolver.cpp, line 773]
Event: 9.540 Thread 0x000002d7e98fc800 Exception <a 'java/lang/NoSuchMethodError'{0x0000000085a96390}: 'java.lang.Object java.lang.invoke.Invokers$Holder.linkToTargetMethod(java.lang.Object, java.lang.Object, java.lang.Object, int, java.lang.Object)'> (0x0000000085a96390) thrown at [./src/hotspot/share/interpreter/linkResolver.cpp, line 773]
Event: 10.202 Thread 0x000002d7e98fc800 Exception <a 'java/lang/NoSuchMethodError'{0x00000000847ae5a0}: 'java.lang.Object java.lang.invoke.DirectMethodHandle$Holder.invokeSpecial(java.lang.Object, java.lang.Object, int, int, java.lang.Object, java.lang.Object, java.lang.Object)'> (0x00000000847ae5a0) thrown at [./src/hotspot/share/interpreter/linkResolver.cpp, line 773]
Event: 10.203 Thread 0x000002d7e98fc800 Exception <a 'java/lang/NoSuchMethodError'{0x00000000847b2b20}: 'java.lang.Object java.lang.invoke.DelegatingMethodHandle$Holder.reinvoke_L(java.lang.Object, int, int, java.lang.Object, java.lang.Object, java.lang.Object)'> (0x00000000847b2b20) thrown at [./src/hotspot/share/interpreter/linkResolver.cpp, line 773]
Event: 10.488 Thread 0x000002d7e98fc800 Exception <a 'java/lang/NoSuchMethodError'{0x000000008ac25eb8}: 'int java.lang.invoke.DirectMethodHandle$Holder.invokeInterface(java.lang.Object, java.lang.Object, java.lang.Object, java.lang.Object)'> (0x000000008ac25eb8) thrown at [./src/hotspot/share/interpreter/linkResolver.cpp, line 773]
Event: 11.299 Thread 0x000002d7e98fc800 Exception <a 'java/lang/NoSuchMethodError'{0x0000000089c0e600}: 'void java.lang.invoke.DirectMethodHandle$Holder.invokeInterface(java.lang.Object, java.lang.Object, java.lang.Object, java.lang.Object)'> (0x0000000089c0e600) thrown at [./src/hotspot/share/interpreter/linkResolver.cpp, line 773]
Event: 11.954 Thread 0x000002d7e98fc800 Exception <a 'java/lang/IncompatibleClassChangeError'{0x00000000894a7d38}: Found class java.lang.Object, but interface was expected> (0x00000000894a7d38) thrown at [./src/hotspot/share/interpreter/linkResolver.cpp, line 839]
Event: 12.090 Thread 0x000002d7e98fc800 Implicit null exception at 0x000002d7d8335854 to 0x000002d7d8335a38
Event: 12.203 Thread 0x000002d7e98fc800 Implicit null exception at 0x000002d7d81bbf0b to 0x000002d7d81bbfe4
Event: 12.263 Thread 0x000002d7e98fc800 Implicit null exception at 0x000002d7d81def2c to 0x000002d7d81df0da

Events (20 events):
Event: 12.302 loading class java/util/jar/JarVerifier$VerifierStream
Event: 12.303 loading class java/util/jar/JarVerifier$VerifierStream done
Event: 12.303 loading class sun/security/util/ManifestEntryVerifier$SunProviderHolder
Event: 12.303 loading class sun/security/util/ManifestEntryVerifier$SunProviderHolder done
Event: 12.304 loading class org/bouncycastle/operator/OperatorException
Event: 12.304 loading class org/bouncycastle/operator/OperatorException done
Event: 12.305 loading class org/bouncycastle/jce/provider/BouncyCastleProvider
Event: 12.305 loading class org/bouncycastle/jce/provider/BouncyCastleProvider done
Event: 12.356 loading class org/bouncycastle/jcajce/provider/config/ConfigurableProvider
Event: 12.356 loading class org/bouncycastle/jcajce/provider/config/ConfigurableProvider done
Event: 12.357 loading class com/android/prefs/AndroidPathLocator
Event: 12.357 loading class com/android/prefs/AndroidPathLocator done
Event: 12.357 loading class com/android/prefs/PathLocator
Event: 12.357 loading class com/android/prefs/PathLocator done
Event: 12.358 loading class kotlin/NoWhenBranchMatchedException
Event: 12.358 loading class kotlin/NoWhenBranchMatchedException done
Event: 12.358 loading class com/android/prefs/Global
Event: 12.358 loading class com/android/prefs/Global done
Event: 12.358 loading class kotlin/collections/ArraysKt
Event: 12.358 loading class kotlin/collections/ArraysKt done


Dynamic libraries:
0x00007ff7848d0000 - 0x00007ff7848da000 	C:\Program Files\Android\Android Studio\jre\bin\java.exe
0x00007ff8dc0b0000 - 0x00007ff8dc2a5000 	C:\Windows\SYSTEM32\ntdll.dll
0x00007ff8dbdd0000 - 0x00007ff8dbe8e000 	C:\Windows\System32\KERNEL32.DLL
0x00007ff8d9930000 - 0x00007ff8d9bf8000 	C:\Windows\System32\KERNELBASE.dll
0x00007ff8d9c00000 - 0x00007ff8d9d00000 	C:\Windows\System32\ucrtbase.dll
0x00007ff8d2570000 - 0x00007ff8d2589000 	C:\Program Files\Android\Android Studio\jre\bin\jli.dll
0x00007ff8d00b0000 - 0x00007ff8d00c7000 	C:\Program Files\Android\Android Studio\jre\bin\VCRUNTIME140.dll
0x00007ff8dbc30000 - 0x00007ff8dbdd0000 	C:\Windows\System32\USER32.dll
0x00007ff8c4310000 - 0x00007ff8c45aa000 	C:\Windows\WinSxS\amd64_microsoft.windows.common-controls_6595b64144ccf1df_6.0.19041.1110_none_60b5254171f9507e\COMCTL32.dll
0x00007ff8d9900000 - 0x00007ff8d9922000 	C:\Windows\System32\win32u.dll
0x00007ff8dbe90000 - 0x00007ff8dbf2e000 	C:\Windows\System32\msvcrt.dll
0x00007ff8db970000 - 0x00007ff8db99a000 	C:\Windows\System32\GDI32.dll
0x00007ff8d9d00000 - 0x00007ff8d9e0b000 	C:\Windows\System32\gdi32full.dll
0x00007ff8d97d0000 - 0x00007ff8d986d000 	C:\Windows\System32\msvcp_win.dll
0x00007ff8da990000 - 0x00007ff8da9c0000 	C:\Windows\System32\IMM32.DLL
0x00007ff8ae6f0000 - 0x00007ff8ae78d000 	C:\Program Files\Android\Android Studio\jre\bin\msvcp140.dll
0x00007ff8911c0000 - 0x00007ff891c95000 	C:\Program Files\Android\Android Studio\jre\bin\server\jvm.dll
0x00007ff8da460000 - 0x00007ff8da50e000 	C:\Windows\System32\ADVAPI32.dll
0x00007ff8da190000 - 0x00007ff8da22c000 	C:\Windows\System32\sechost.dll
0x00007ff8da230000 - 0x00007ff8da355000 	C:\Windows\System32\RPCRT4.dll
0x00007ff8da450000 - 0x00007ff8da458000 	C:\Windows\System32\PSAPI.DLL
0x00007ff8c8a60000 - 0x00007ff8c8a87000 	C:\Windows\SYSTEM32\WINMM.dll
0x00007ff8d2560000 - 0x00007ff8d2569000 	C:\Windows\SYSTEM32\WSOCK32.dll
0x00007ff8da3e0000 - 0x00007ff8da44b000 	C:\Windows\System32\WS2_32.dll
0x00007ff8ce0b0000 - 0x00007ff8ce0ba000 	C:\Windows\SYSTEM32\VERSION.dll
0x00007ff8d80b0000 - 0x00007ff8d80c2000 	C:\Windows\SYSTEM32\kernel.appcore.dll
0x00007ff8d0040000 - 0x00007ff8d0051000 	C:\Program Files\Android\Android Studio\jre\bin\verify.dll
0x00007ff8d7db0000 - 0x00007ff8d7f94000 	C:\Windows\SYSTEM32\DBGHELP.DLL
0x00007ff8ba060000 - 0x00007ff8ba08c000 	C:\Windows\SYSTEM32\dbgcore.DLL
0x00007ff8d9870000 - 0x00007ff8d98f2000 	C:\Windows\System32\bcryptPrimitives.dll
0x00007ff8cf6b0000 - 0x00007ff8cf6d9000 	C:\Program Files\Android\Android Studio\jre\bin\java.dll
0x00007ff8d0bf0000 - 0x00007ff8d0bfb000 	C:\Program Files\Android\Android Studio\jre\bin\jimage.dll
0x00007ff8d0020000 - 0x00007ff8d0038000 	C:\Program Files\Android\Android Studio\jre\bin\zip.dll
0x00007ff8dabf0000 - 0x00007ff8db334000 	C:\Windows\System32\SHELL32.dll
0x00007ff8d7330000 - 0x00007ff8d7ac4000 	C:\Windows\SYSTEM32\windows.storage.dll
0x00007ff8da570000 - 0x00007ff8da8c4000 	C:\Windows\System32\combase.dll
0x00007ff8d9240000 - 0x00007ff8d926c000 	C:\Windows\SYSTEM32\Wldp.dll
0x00007ff8daa70000 - 0x00007ff8dab1d000 	C:\Windows\System32\SHCORE.dll
0x00007ff8da360000 - 0x00007ff8da3b5000 	C:\Windows\System32\shlwapi.dll
0x00007ff8d9710000 - 0x00007ff8d972f000 	C:\Windows\SYSTEM32\profapi.dll
0x00007ff8cfba0000 - 0x00007ff8cfbba000 	C:\Program Files\Android\Android Studio\jre\bin\net.dll
0x00007ff8d0d30000 - 0x00007ff8d0e3a000 	C:\Windows\SYSTEM32\WINHTTP.dll
0x00007ff8d8fa0000 - 0x00007ff8d900a000 	C:\Windows\system32\mswsock.dll
0x00007ff8cf680000 - 0x00007ff8cf694000 	C:\Program Files\Android\Android Studio\jre\bin\nio.dll
0x00007ff8b2400000 - 0x00007ff8b2427000 	C:\Users\pjflm\.gradle\native\e1d6ef7f7dcc3fd88c89a11ec53ec762bb8ba0a96d01ffa2cd45eb1d1d8dd5c5\windows-amd64\native-platform.dll
0x00007ff89bda0000 - 0x00007ff89bee4000 	C:\Users\pjflm\.gradle\native\5664cfc778a61ccfe75a443a1ab52a65af34e5dc3c78e0209fed803814484fcb\windows-amd64\native-platform-file-events.dll
0x00007ff8cde60000 - 0x00007ff8cde6a000 	C:\Program Files\Android\Android Studio\jre\bin\management.dll
0x00007ff8cb920000 - 0x00007ff8cb92d000 	C:\Program Files\Android\Android Studio\jre\bin\management_ext.dll
0x00007ff8d9190000 - 0x00007ff8d91a8000 	C:\Windows\SYSTEM32\CRYPTSP.dll
0x00007ff8d88b0000 - 0x00007ff8d88e4000 	C:\Windows\system32\rsaenh.dll
0x00007ff8d9fc0000 - 0x00007ff8d9fe7000 	C:\Windows\System32\bcrypt.dll
0x00007ff8d96d0000 - 0x00007ff8d96fe000 	C:\Windows\SYSTEM32\USERENV.dll
0x00007ff8d91b0000 - 0x00007ff8d91bc000 	C:\Windows\SYSTEM32\CRYPTBASE.dll
0x00007ff8d8c40000 - 0x00007ff8d8c7b000 	C:\Windows\SYSTEM32\IPHLPAPI.DLL
0x00007ff8dc060000 - 0x00007ff8dc068000 	C:\Windows\System32\NSI.dll
0x00007ff8cdff0000 - 0x00007ff8ce007000 	C:\Windows\SYSTEM32\dhcpcsvc6.DLL
0x00007ff8cdfd0000 - 0x00007ff8cdfed000 	C:\Windows\SYSTEM32\dhcpcsvc.DLL
0x00007ff8d8c80000 - 0x00007ff8d8d4b000 	C:\Windows\SYSTEM32\DNSAPI.dll

dbghelp: loaded successfully - version: 4.0.5 - missing functions: none
symbol engine: initialized successfully - sym options: 0x614 - pdb path: .;C:\Program Files\Android\Android Studio\jre\bin;C:\Windows\SYSTEM32;C:\Windows\WinSxS\amd64_microsoft.windows.common-controls_6595b64144ccf1df_6.0.19041.1110_none_60b5254171f9507e;C:\Program Files\Android\Android Studio\jre\bin\server;C:\Users\pjflm\.gradle\native\e1d6ef7f7dcc3fd88c89a11ec53ec762bb8ba0a96d01ffa2cd45eb1d1d8dd5c5\windows-amd64;C:\Users\pjflm\.gradle\native\5664cfc778a61ccfe75a443a1ab52a65af34e5dc3c78e0209fed803814484fcb\windows-amd64

VM Arguments:
jvm_args: --add-opens=java.base/java.util=ALL-UNNAMED --add-opens=java.base/java.lang=ALL-UNNAMED --add-opens=java.base/java.lang.invoke=ALL-UNNAMED --add-opens=java.base/java.util=ALL-UNNAMED --add-opens=java.prefs/java.util.prefs=ALL-UNNAMED --add-opens=java.prefs/java.util.prefs=ALL-UNNAMED --add-opens=java.base/java.nio.charset=ALL-UNNAMED --add-opens=java.base/java.net=ALL-UNNAMED --add-opens=java.base/java.util.concurrent.atomic=ALL-UNNAMED -Xmx2048m -Dfile.encoding=UTF-8 -Duser.country=PT -Duser.language=pt -Duser.variant 
java_command: org.gradle.launcher.daemon.bootstrap.GradleDaemon 7.2
java_class_path (initial): C:\Users\pjflm\.gradle\wrapper\dists\gradle-7.2-bin\2dnblmf4td7x66yl1d74lt32g\gradle-7.2\lib\gradle-launcher-7.2.jar
Launcher Type: SUN_STANDARD

[Global flags]
     intx CICompilerCount                          = 3                                         {product} {ergonomic}
     uint ConcGCThreads                            = 1                                         {product} {ergonomic}
     uint G1ConcRefinementThreads                  = 4                                         {product} {ergonomic}
   size_t G1HeapRegionSize                         = 1048576                                   {product} {ergonomic}
    uintx GCDrainStackTargetSize                   = 64                                        {product} {ergonomic}
   size_t InitialHeapSize                          = 130023424                                 {product} {ergonomic}
   size_t MarkStackSize                            = 4194304                                   {product} {ergonomic}
   size_t MaxHeapSize                              = 2147483648                                {product} {command line}
   size_t MaxNewSize                               = 1287651328                                {product} {ergonomic}
   size_t MinHeapDeltaBytes                        = 1048576                                   {product} {ergonomic}
    uintx NonNMethodCodeHeapSize                   = 5830732                                {pd product} {ergonomic}
    uintx NonProfiledCodeHeapSize                  = 122913754                              {pd product} {ergonomic}
    uintx ProfiledCodeHeapSize                     = 122913754                              {pd product} {ergonomic}
    uintx ReservedCodeCacheSize                    = 251658240                              {pd product} {ergonomic}
     bool SegmentedCodeCache                       = true                                      {product} {ergonomic}
     bool UseCompressedClassPointers               = true                                 {lp64_product} {ergonomic}
     bool UseCompressedOops                        = true                                 {lp64_product} {ergonomic}
     bool UseG1GC                                  = true                                      {product} {ergonomic}
     bool UseLargePagesIndividualAllocation        = false                                  {pd product} {ergonomic}

Logging:
Log output configuration:
 #0: stdout all=warning uptime,level,tags
 #1: stderr all=off uptime,level,tags

Environment Variables:
PATH=C:\Program Files\Common Files\Oracle\Java\javapath;C:\Program Files (x86)\Common Files\Oracle\Java\javapath;C:\Windows\system32;C:\Windows;C:\Windows\System32\Wbem;C:\Windows\System32\WindowsPowerShell\v1.0\;C:\Windows\System32\OpenSSH\;C:\Program Files\Microsoft SQL Server\150\Tools\Binn\;C:\Program Files\Microsoft SQL Server\Client SDK\ODBC\170\Tools\Binn\;C:\Program Files\Git\cmd;C:\Program Files\dotnet\;C:\Users\pjflm\AppData\Local\Microsoft\WindowsApps;C:\Users\pjflm\.dotnet\tools;C:\Users\pjflm\AppData\Local\Programs\Microsoft VS Code\bin
USERNAME=pjflm
OS=Windows_NT
PROCESSOR_IDENTIFIER=Intel64 Family 6 Model 140 Stepping 1, GenuineIntel



---------------  S Y S T E M  ---------------

OS: Windows 10 , 64 bit Build 19041 (10.0.19041.1645)
OS uptime: 1 days 13:03 hours

CPU:total 4 (initial active 4) (2 cores per cpu, 2 threads per core) family 6 model 140 stepping 1 microcode 0x86, cmov, cx8, fxsr, mmx, sse, sse2, sse3, ssse3, sse4.1, sse4.2, popcnt, avx, avx2, aes, clmul, erms, 3dnowpref, lzcnt, ht, tsc, tscinvbit, bmi1, bmi2, adx, evex, sha, fma

Memory: 4k page, system-wide physical 7886M (64M free)
TotalPageFile size 32462M (AvailPageFile size 2M)
current process WorkingSet (physical memory assigned to process): 326M, peak: 326M
current process commit charge ("private bytes"): 402M, peak: 403M

vm_info: OpenJDK 64-Bit Server VM (11.0.11+9-b60-7590822) for windows-amd64 JRE (11.0.11+9-b60-7590822), built on Jul 29 2021 21:43:44 by "builder" with MS VC++ 14.0 (VS2015)

END.
