#
# There is insufficient memory for the Java Runtime Environment to continue.
# Native memory allocation (malloc) failed to allocate 1092336 bytes for Chunk::new
# Possible reasons:
#   The system is out of physical RAM or swap space
#   The process is running with CompressedOops enabled, and the Java Heap may be blocking the growth of the native heap
# Possible solutions:
#   Reduce memory load on the system
#   Increase physical memory or swap space
#   Check if swap backing store is full
#   Decrease Java heap size (-Xmx/-Xms)
#   Decrease number of Java threads
#   Decrease Java thread stack sizes (-Xss)
#   Set larger code cache with -XX:ReservedCodeCacheSize=
#   JVM is running with Unscaled Compressed Oops mode in which the Java heap is
#     placed in the first 4GB address space. The Java Heap base address is the
#     maximum limit for the native heap growth. Please use -XX:HeapBaseMinAddress
#     to set the Java Heap base and to place the Java Heap above 4GB virtual address.
# This output file may be truncated or incomplete.
#
#  Out of Memory Error (./src/hotspot/share/memory/arena.cpp:197), pid=17076, tid=2800
#
# JRE version: OpenJDK Runtime Environment (11.0.11+9) (build 11.0.11+9-b60-7590822)
# Java VM: OpenJDK 64-Bit Server VM (11.0.11+9-b60-7590822, mixed mode, tiered, compressed oops, g1 gc, windows-amd64)
# No core dump will be written. Minidumps are not enabled by default on client versions of Windows
#

---------------  S U M M A R Y ------------

Command Line: --add-opens=java.base/java.util=ALL-UNNAMED --add-opens=java.base/java.lang=ALL-UNNAMED --add-opens=java.base/java.lang.invoke=ALL-UNNAMED --add-opens=java.base/java.util=ALL-UNNAMED --add-opens=java.prefs/java.util.prefs=ALL-UNNAMED --add-opens=java.prefs/java.util.prefs=ALL-UNNAMED --add-opens=java.base/java.nio.charset=ALL-UNNAMED --add-opens=java.base/java.net=ALL-UNNAMED --add-opens=java.base/java.util.concurrent.atomic=ALL-UNNAMED -Xmx2048m -Dfile.encoding=UTF-8 -Duser.country=PT -Duser.language=pt -Duser.variant org.gradle.launcher.daemon.bootstrap.GradleDaemon 7.2

Host: 11th Gen Intel(R) Core(TM) i3-1115G4 @ 3.00GHz, 4 cores, 7G,  Windows 10 , 64 bit Build 19041 (10.0.19041.1645)
Time: Fri Apr 29 13:23:55 2022 Hora de Verão de GMT elapsed time: 12.814080 seconds (0d 0h 0m 12s)

---------------  T H R E A D  ---------------

Current thread (0x0000020afea80800):  JavaThread "C2 CompilerThread0" daemon [_thread_in_native, id=2800, stack(0x00000089a8b00000,0x00000089a8c00000)]


Current CompileTask:
C2:  12814 6169   !   4       java.net.URLClassLoader$1::run (63 bytes)

Stack: [0x00000089a8b00000,0x00000089a8c00000]
Native frames: (J=compiled Java code, j=interpreted, Vv=VM code, C=native code)
V  [jvm.dll+0x5f214a]
V  [jvm.dll+0x726fb5]
V  [jvm.dll+0x7285cd]
V  [jvm.dll+0x728c83]
V  [jvm.dll+0x243278]
V  [jvm.dll+0xbc53c]
V  [jvm.dll+0xbca3c]
V  [jvm.dll+0x2b5c34]
V  [jvm.dll+0x508488]
V  [jvm.dll+0x203d53]
V  [jvm.dll+0x1fdbac]
V  [jvm.dll+0x1fb35f]
V  [jvm.dll+0x183d6c]
V  [jvm.dll+0x209a57]
V  [jvm.dll+0x2082a1]
V  [jvm.dll+0x6ef58f]
V  [jvm.dll+0x6e80b5]
V  [jvm.dll+0x5f1036]
C  [ucrtbase.dll+0x21bb2]
C  [KERNEL32.DLL+0x17034]
C  [ntdll.dll+0x52651]


---------------  P R O C E S S  ---------------

Threads class SMR info:
_java_thread_list=0x0000020a94cd0840, length=78, elements={
0x0000020af773b000, 0x0000020afea5b000, 0x0000020afea5f000, 0x0000020afea79800,
0x0000020afea7a800, 0x0000020afea7b800, 0x0000020afea80800, 0x0000020afeaad800,
0x0000020aff44e000, 0x0000020aff555000, 0x0000020a94c42000, 0x0000020a94c41800,
0x0000020a94c44800, 0x0000020a94c48000, 0x0000020a94c46000, 0x0000020a94c43000,
0x0000020a94c47000, 0x0000020a94c45800, 0x0000020a94c44000, 0x0000020a94d93000,
0x0000020a94d91800, 0x0000020a94d96000, 0x0000020a94d97000, 0x0000020a94d94800,
0x0000020a94d94000, 0x0000020a94d95800, 0x0000020a94d92000, 0x0000020a94d9c000,
0x0000020a94d9d800, 0x0000020a94d98000, 0x0000020a94d9a800, 0x0000020a94d9b000,
0x0000020a94d9e800, 0x0000020a94d9f000, 0x0000020a94d99800, 0x0000020a94da0000,
0x0000020a981f8000, 0x0000020a981fa800, 0x0000020a981f8800, 0x0000020a981f9800,
0x0000020a981f4800, 0x0000020a981f6000, 0x0000020a981f7000, 0x0000020a981fb000,
0x0000020a981f5800, 0x0000020a981fd000, 0x0000020a981fd800, 0x0000020a98201000,
0x0000020a981ff000, 0x0000020a98201800, 0x0000020a981fe800, 0x0000020a98200000,
0x0000020a981fc000, 0x0000020a98202800, 0x0000020a98203800, 0x0000020a952ec800,
0x0000020a952eb000, 0x0000020a952f0000, 0x0000020a952ec000, 0x0000020a952ed800,
0x0000020a952ee800, 0x0000020a952ea000, 0x0000020a952f2800, 0x0000020a952f5000,
0x0000020a952f1000, 0x0000020a952f3000, 0x0000020a952ef000, 0x0000020a952f6800,
0x0000020a952f5800, 0x0000020a952f4000, 0x0000020a952f7800, 0x0000020a952f1800,
0x0000020a952f8000, 0x0000020a952f9000, 0x0000020a9841b800, 0x0000020a9841a800,
0x0000020a98417800, 0x0000020a9841d000
}

Java Threads: ( => current thread )
  0x0000020af773b000 JavaThread "main" [_thread_blocked, id=15120, stack(0x00000089a7f00000,0x00000089a8000000)]
  0x0000020afea5b000 JavaThread "Reference Handler" daemon [_thread_blocked, id=1672, stack(0x00000089a8600000,0x00000089a8700000)]
  0x0000020afea5f000 JavaThread "Finalizer" daemon [_thread_blocked, id=17644, stack(0x00000089a8700000,0x00000089a8800000)]
  0x0000020afea79800 JavaThread "Signal Dispatcher" daemon [_thread_blocked, id=20088, stack(0x00000089a8800000,0x00000089a8900000)]
  0x0000020afea7a800 JavaThread "Attach Listener" daemon [_thread_blocked, id=11132, stack(0x00000089a8900000,0x00000089a8a00000)]
  0x0000020afea7b800 JavaThread "Service Thread" daemon [_thread_blocked, id=17088, stack(0x00000089a8a00000,0x00000089a8b00000)]
=>0x0000020afea80800 JavaThread "C2 CompilerThread0" daemon [_thread_in_native, id=2800, stack(0x00000089a8b00000,0x00000089a8c00000)]
  0x0000020afeaad800 JavaThread "C1 CompilerThread0" daemon [_thread_in_native, id=4932, stack(0x00000089a8c00000,0x00000089a8d00000)]
  0x0000020aff44e000 JavaThread "Sweeper thread" daemon [_thread_blocked, id=5216, stack(0x00000089a8d00000,0x00000089a8e00000)]
  0x0000020aff555000 JavaThread "Common-Cleaner" daemon [_thread_blocked, id=19272, stack(0x00000089a8e00000,0x00000089a8f00000)]
  0x0000020a94c42000 JavaThread "Daemon health stats" [_thread_blocked, id=18564, stack(0x00000089a9200000,0x00000089a9300000)]
  0x0000020a94c41800 JavaThread "Incoming local TCP Connector on port 50181" [_thread_in_native, id=12452, stack(0x00000089a9000000,0x00000089a9100000)]
  0x0000020a94c44800 JavaThread "Daemon periodic checks" [_thread_blocked, id=19916, stack(0x00000089a9300000,0x00000089a9400000)]
  0x0000020a94c48000 JavaThread "Daemon" [_thread_blocked, id=9980, stack(0x00000089a9400000,0x00000089a9500000)]
  0x0000020a94c46000 JavaThread "Handler for socket connection from /127.0.0.1:50181 to /127.0.0.1:50182" [_thread_in_native, id=2716, stack(0x00000089a9500000,0x00000089a9600000)]
  0x0000020a94c43000 JavaThread "Cancel handler" [_thread_blocked, id=18916, stack(0x00000089a9600000,0x00000089a9700000)]
  0x0000020a94c47000 JavaThread "Daemon worker" [_thread_in_vm, id=13596, stack(0x00000089a9700000,0x00000089a9800000)]
  0x0000020a94c45800 JavaThread "Asynchronous log dispatcher for DefaultDaemonConnection: socket connection from /127.0.0.1:50181 to /127.0.0.1:50182" [_thread_blocked, id=10744, stack(0x00000089a9800000,0x00000089a9900000)]
  0x0000020a94c44000 JavaThread "Stdin handler" [_thread_blocked, id=8032, stack(0x00000089a9900000,0x00000089a9a00000)]
  0x0000020a94d93000 JavaThread "Daemon client event forwarder" [_thread_blocked, id=18816, stack(0x00000089a9a00000,0x00000089a9b00000)]
  0x0000020a94d91800 JavaThread "Cache worker for journal cache (C:\Users\pjflm\.gradle\caches\journal-1)" [_thread_blocked, id=13800, stack(0x00000089a9d00000,0x00000089a9e00000)]
  0x0000020a94d96000 JavaThread "File lock request listener" [_thread_in_native, id=19232, stack(0x00000089a9e00000,0x00000089a9f00000)]
  0x0000020a94d97000 JavaThread "Cache worker for file hash cache (C:\Users\pjflm\.gradle\caches\7.2\fileHashes)" [_thread_blocked, id=11800, stack(0x00000089a9f00000,0x00000089aa000000)]
  0x0000020a94d94800 JavaThread "Cache worker for file hash cache (C:\Users\pjflm\StudioProjects\psi_2022_anidroid\.gradle\7.2\fileHashes)" [_thread_blocked, id=18536, stack(0x00000089aa000000,0x00000089aa100000)]
  0x0000020a94d94000 JavaThread "File watcher server" daemon [_thread_in_native, id=5764, stack(0x00000089aa100000,0x00000089aa200000)]
  0x0000020a94d95800 JavaThread "File watcher consumer" daemon [_thread_blocked, id=4540, stack(0x00000089aa200000,0x00000089aa300000)]
  0x0000020a94d92000 JavaThread "Cache worker for checksums cache (C:\Users\pjflm\StudioProjects\psi_2022_anidroid\.gradle\checksums)" [_thread_blocked, id=16484, stack(0x00000089aa300000,0x00000089aa400000)]
  0x0000020a94d9c000 JavaThread "Cache worker for cache directory md-supplier (C:\Users\pjflm\.gradle\caches\7.2\md-supplier)" [_thread_blocked, id=20068, stack(0x00000089aa400000,0x00000089aa500000)]
  0x0000020a94d9d800 JavaThread "Cache worker for cache directory md-rule (C:\Users\pjflm\.gradle\caches\7.2\md-rule)" [_thread_blocked, id=17320, stack(0x00000089aa500000,0x00000089aa600000)]
  0x0000020a94d98000 JavaThread "Cache worker for execution history cache (C:\Users\pjflm\.gradle\caches\7.2\executionHistory)" [_thread_blocked, id=19012, stack(0x00000089aa600000,0x00000089aa700000)]
  0x0000020a94d9a800 JavaThread "jar transforms" [_thread_blocked, id=11748, stack(0x00000089aa700000,0x00000089aa800000)]
  0x0000020a94d9b000 JavaThread "Cache worker for file content cache (C:\Users\pjflm\.gradle\caches\7.2\fileContent)" [_thread_blocked, id=4064, stack(0x00000089aa800000,0x00000089aa900000)]
  0x0000020a94d9e800 JavaThread "jar transforms Thread 2" [_thread_blocked, id=14004, stack(0x00000089aa900000,0x00000089aaa00000)]
  0x0000020a94d9f000 JavaThread "Cache worker for dependencies-accessors (C:\Users\pjflm\StudioProjects\psi_2022_anidroid\.gradle\7.2\dependencies-accessors)" [_thread_blocked, id=3356, stack(0x00000089aaa00000,0x00000089aab00000)]
  0x0000020a94d99800 JavaThread "jar transforms Thread 3" [_thread_blocked, id=7720, stack(0x00000089aab00000,0x00000089aac00000)]
  0x0000020a94da0000 JavaThread "Cache worker for Build Output Cleanup Cache (C:\Users\pjflm\StudioProjects\psi_2022_anidroid\.gradle\buildOutputCleanup)" [_thread_blocked, id=19544, stack(0x00000089aac00000,0x00000089aad00000)]
  0x0000020a981f8000 JavaThread "Unconstrained build operations" [_thread_blocked, id=5372, stack(0x00000089aad00000,0x00000089aae00000)]
  0x0000020a981fa800 JavaThread "Unconstrained build operations Thread 2" [_thread_blocked, id=15276, stack(0x00000089aae00000,0x00000089aaf00000)]
  0x0000020a981f8800 JavaThread "Unconstrained build operations Thread 3" [_thread_blocked, id=6988, stack(0x00000089aaf00000,0x00000089ab000000)]
  0x0000020a981f9800 JavaThread "Unconstrained build operations Thread 4" [_thread_blocked, id=18184, stack(0x00000089ab000000,0x00000089ab100000)]
  0x0000020a981f4800 JavaThread "Unconstrained build operations Thread 5" [_thread_blocked, id=8692, stack(0x00000089ab100000,0x00000089ab200000)]
  0x0000020a981f6000 JavaThread "Unconstrained build operations Thread 6" [_thread_blocked, id=12804, stack(0x00000089ab200000,0x00000089ab300000)]
  0x0000020a981f7000 JavaThread "Unconstrained build operations Thread 7" [_thread_blocked, id=5680, stack(0x00000089ab300000,0x00000089ab400000)]
  0x0000020a981fb000 JavaThread "Unconstrained build operations Thread 8" [_thread_blocked, id=13080, stack(0x00000089ab400000,0x00000089ab500000)]
  0x0000020a981f5800 JavaThread "Unconstrained build operations Thread 9" [_thread_blocked, id=13228, stack(0x00000089ab500000,0x00000089ab600000)]
  0x0000020a981fd000 JavaThread "Unconstrained build operations Thread 10" [_thread_blocked, id=12988, stack(0x00000089ab600000,0x00000089ab700000)]
  0x0000020a981fd800 JavaThread "Unconstrained build operations Thread 11" [_thread_blocked, id=11984, stack(0x00000089ab700000,0x00000089ab800000)]
  0x0000020a98201000 JavaThread "Unconstrained build operations Thread 12" [_thread_blocked, id=6924, stack(0x00000089ab800000,0x00000089ab900000)]
  0x0000020a981ff000 JavaThread "Unconstrained build operations Thread 13" [_thread_blocked, id=5032, stack(0x00000089ab900000,0x00000089aba00000)]
  0x0000020a98201800 JavaThread "Unconstrained build operations Thread 14" [_thread_blocked, id=832, stack(0x00000089aba00000,0x00000089abb00000)]
  0x0000020a981fe800 JavaThread "Unconstrained build operations Thread 15" [_thread_blocked, id=2036, stack(0x00000089abb00000,0x00000089abc00000)]
  0x0000020a98200000 JavaThread "Unconstrained build operations Thread 16" [_thread_blocked, id=3308, stack(0x00000089abc00000,0x00000089abd00000)]
  0x0000020a981fc000 JavaThread "Unconstrained build operations Thread 17" [_thread_blocked, id=10436, stack(0x00000089abd00000,0x00000089abe00000)]
  0x0000020a98202800 JavaThread "Unconstrained build operations Thread 18" [_thread_blocked, id=11460, stack(0x00000089abe00000,0x00000089abf00000)]
  0x0000020a98203800 JavaThread "Unconstrained build operations Thread 19" [_thread_blocked, id=19608, stack(0x00000089abf00000,0x00000089ac000000)]
  0x0000020a952ec800 JavaThread "Unconstrained build operations Thread 20" [_thread_blocked, id=19168, stack(0x00000089ac000000,0x00000089ac100000)]
  0x0000020a952eb000 JavaThread "Unconstrained build operations Thread 21" [_thread_blocked, id=6584, stack(0x00000089ac100000,0x00000089ac200000)]
  0x0000020a952f0000 JavaThread "Unconstrained build operations Thread 22" [_thread_blocked, id=9496, stack(0x00000089ac200000,0x00000089ac300000)]
  0x0000020a952ec000 JavaThread "Unconstrained build operations Thread 23" [_thread_blocked, id=260, stack(0x00000089ac300000,0x00000089ac400000)]
  0x0000020a952ed800 JavaThread "Unconstrained build operations Thread 24" [_thread_blocked, id=4432, stack(0x00000089ac400000,0x00000089ac500000)]
  0x0000020a952ee800 JavaThread "Unconstrained build operations Thread 25" [_thread_blocked, id=18436, stack(0x00000089ac500000,0x00000089ac600000)]
  0x0000020a952ea000 JavaThread "Unconstrained build operations Thread 26" [_thread_blocked, id=16640, stack(0x00000089ac600000,0x00000089ac700000)]
  0x0000020a952f2800 JavaThread "Unconstrained build operations Thread 27" [_thread_blocked, id=12464, stack(0x00000089ac700000,0x00000089ac800000)]
  0x0000020a952f5000 JavaThread "Unconstrained build operations Thread 28" [_thread_blocked, id=11920, stack(0x00000089ac800000,0x00000089ac900000)]
  0x0000020a952f1000 JavaThread "Unconstrained build operations Thread 29" [_thread_blocked, id=20376, stack(0x00000089ac900000,0x00000089aca00000)]
  0x0000020a952f3000 JavaThread "Unconstrained build operations Thread 30" [_thread_blocked, id=17276, stack(0x00000089aca00000,0x00000089acb00000)]
  0x0000020a952ef000 JavaThread "Unconstrained build operations Thread 31" [_thread_blocked, id=11820, stack(0x00000089acb00000,0x00000089acc00000)]
  0x0000020a952f6800 JavaThread "Unconstrained build operations Thread 32" [_thread_blocked, id=18964, stack(0x00000089acc00000,0x00000089acd00000)]
  0x0000020a952f5800 JavaThread "Unconstrained build operations Thread 33" [_thread_blocked, id=12232, stack(0x00000089acd00000,0x00000089ace00000)]
  0x0000020a952f4000 JavaThread "Unconstrained build operations Thread 34" [_thread_blocked, id=5304, stack(0x00000089ace00000,0x00000089acf00000)]
  0x0000020a952f7800 JavaThread "Unconstrained build operations Thread 35" [_thread_blocked, id=20264, stack(0x00000089acf00000,0x00000089ad000000)]
  0x0000020a952f1800 JavaThread "Unconstrained build operations Thread 36" [_thread_blocked, id=12168, stack(0x00000089ad000000,0x00000089ad100000)]
  0x0000020a952f8000 JavaThread "Unconstrained build operations Thread 37" [_thread_blocked, id=6820, stack(0x00000089ad100000,0x00000089ad200000)]
  0x0000020a952f9000 JavaThread "Unconstrained build operations Thread 38" [_thread_blocked, id=8680, stack(0x00000089ad200000,0x00000089ad300000)]
  0x0000020a9841b800 JavaThread "Unconstrained build operations Thread 39" [_thread_blocked, id=18064, stack(0x00000089ad300000,0x00000089ad400000)]
  0x0000020a9841a800 JavaThread "Unconstrained build operations Thread 40" [_thread_blocked, id=3348, stack(0x00000089ad400000,0x00000089ad500000)]
  0x0000020a98417800 JavaThread "jar transforms Thread 4" [_thread_blocked, id=848, stack(0x00000089ad500000,0x00000089ad600000)]
  0x0000020a9841d000 JavaThread "Memory manager" [_thread_blocked, id=2908, stack(0x00000089ad600000,0x00000089ad700000)]

Other Threads:
  0x0000020afea58800 VMThread "VM Thread" [stack: 0x00000089a8500000,0x00000089a8600000] [id=19280]
  0x0000020aff55a000 WatcherThread [stack: 0x00000089a8f00000,0x00000089a9000000] [id=17012]
  0x0000020af7754000 GCTaskThread "GC Thread#0" [stack: 0x00000089a8000000,0x00000089a8100000] [id=15340]
  0x0000020affc65800 GCTaskThread "GC Thread#1" [stack: 0x00000089a9100000,0x00000089a9200000] [id=13908]
  0x0000020a93d10800 GCTaskThread "GC Thread#2" [stack: 0x00000089a9b00000,0x00000089a9c00000] [id=4300]
  0x0000020a93616800 GCTaskThread "GC Thread#3" [stack: 0x00000089a9c00000,0x00000089a9d00000] [id=12996]
  0x0000020af7786000 ConcurrentGCThread "G1 Main Marker" [stack: 0x00000089a8100000,0x00000089a8200000] [id=736]
  0x0000020af7787000 ConcurrentGCThread "G1 Conc#0" [stack: 0x00000089a8200000,0x00000089a8300000] [id=14592]
  0x0000020af7813000 ConcurrentGCThread "G1 Refine#0" [stack: 0x00000089a8300000,0x00000089a8400000] [id=9644]
  0x0000020af7814000 ConcurrentGCThread "G1 Young RemSet Sampling" [stack: 0x00000089a8400000,0x00000089a8500000] [id=5724]

Threads with active compile tasks:
C2 CompilerThread0  12839 6169   !   4       java.net.URLClassLoader$1::run (63 bytes)

VM state:not at safepoint (normal execution)

VM Mutex/Monitor currently owned by a thread: None

Heap address: 0x0000000080000000, size: 2048 MB, Compressed Oops mode: 32-bit
Narrow klass base: 0x0000000000000000, Narrow klass shift: 3
Compressed class space size: 1073741824 Address: 0x0000000100000000

Heap:
 garbage-first heap   total 183296K, used 76220K [0x0000000080000000, 0x0000000100000000)
  region size 1024K, 34 young (34816K), 3 survivors (3072K)
 Metaspace       used 61578K, capacity 63081K, committed 63216K, reserved 1103872K
  class space    used 7802K, capacity 8381K, committed 8396K, reserved 1048576K
Heap Regions: E=young(eden), S=young(survivor), O=old, HS=humongous(starts), HC=humongous(continues), CS=collection set, F=free, A=archive, TAMS=top-at-mark-start (previous, next)
|   0|0x0000000080000000, 0x0000000080100000, 0x0000000080100000|100%| O|  |TAMS 0x0000000080100000, 0x0000000080000000| Untracked 
|   1|0x0000000080100000, 0x0000000080200000, 0x0000000080200000|100%| O|  |TAMS 0x0000000080200000, 0x0000000080100000| Untracked 
|   2|0x0000000080200000, 0x0000000080300000, 0x0000000080300000|100%| O|  |TAMS 0x0000000080300000, 0x0000000080200000| Untracked 
|   3|0x0000000080300000, 0x0000000080400000, 0x0000000080400000|100%|HS|  |TAMS 0x0000000080400000, 0x0000000080300000| Complete 
|   4|0x0000000080400000, 0x0000000080500000, 0x0000000080500000|100%|HC|  |TAMS 0x0000000080500000, 0x0000000080400000| Complete 
|   5|0x0000000080500000, 0x0000000080600000, 0x0000000080600000|100%|HC|  |TAMS 0x0000000080600000, 0x0000000080500000| Complete 
|   6|0x0000000080600000, 0x0000000080700000, 0x0000000080700000|100%| O|  |TAMS 0x0000000080700000, 0x0000000080600000| Untracked 
|   7|0x0000000080700000, 0x0000000080800000, 0x0000000080800000|100%| O|  |TAMS 0x0000000080800000, 0x0000000080700000| Untracked 
|   8|0x0000000080800000, 0x0000000080900000, 0x0000000080900000|100%| O|  |TAMS 0x0000000080900000, 0x0000000080800000| Untracked 
|   9|0x0000000080900000, 0x0000000080a00000, 0x0000000080a00000|100%| O|  |TAMS 0x0000000080a00000, 0x0000000080900000| Untracked 
|  10|0x0000000080a00000, 0x0000000080b00000, 0x0000000080b00000|100%| O|  |TAMS 0x0000000080b00000, 0x0000000080a00000| Untracked 
|  11|0x0000000080b00000, 0x0000000080c00000, 0x0000000080c00000|100%| O|  |TAMS 0x0000000080c00000, 0x0000000080b00000| Untracked 
|  12|0x0000000080c00000, 0x0000000080d00000, 0x0000000080d00000|100%| O|  |TAMS 0x0000000080d00000, 0x0000000080c00000| Untracked 
|  13|0x0000000080d00000, 0x0000000080e00000, 0x0000000080e00000|100%| O|  |TAMS 0x0000000080e00000, 0x0000000080d00000| Untracked 
|  14|0x0000000080e00000, 0x0000000080f00000, 0x0000000080f00000|100%| O|  |TAMS 0x0000000080f00000, 0x0000000080e00000| Untracked 
|  15|0x0000000080f00000, 0x0000000081000000, 0x0000000081000000|100%| O|  |TAMS 0x0000000081000000, 0x0000000080f00000| Untracked 
|  16|0x0000000081000000, 0x0000000081100000, 0x0000000081100000|100%|HS|  |TAMS 0x0000000081100000, 0x0000000081000000| Complete 
|  17|0x0000000081100000, 0x0000000081200000, 0x0000000081200000|100%| O|  |TAMS 0x0000000081200000, 0x0000000081100000| Untracked 
|  18|0x0000000081200000, 0x0000000081300000, 0x0000000081300000|100%| O|  |TAMS 0x0000000081300000, 0x0000000081200000| Untracked 
|  19|0x0000000081300000, 0x0000000081400000, 0x0000000081400000|100%| O|  |TAMS 0x0000000081400000, 0x0000000081300000| Untracked 
|  20|0x0000000081400000, 0x0000000081500000, 0x0000000081500000|100%| O|  |TAMS 0x0000000081500000, 0x0000000081400000| Untracked 
|  21|0x0000000081500000, 0x0000000081600000, 0x0000000081600000|100%| O|  |TAMS 0x0000000081600000, 0x0000000081500000| Untracked 
|  22|0x0000000081600000, 0x0000000081700000, 0x0000000081700000|100%| O|  |TAMS 0x0000000081700000, 0x0000000081600000| Untracked 
|  23|0x0000000081700000, 0x0000000081800000, 0x0000000081800000|100%|HS|  |TAMS 0x0000000081800000, 0x0000000081700000| Complete 
|  24|0x0000000081800000, 0x0000000081900000, 0x0000000081900000|100%|HS|  |TAMS 0x0000000081900000, 0x0000000081800000| Complete 
|  25|0x0000000081900000, 0x0000000081a00000, 0x0000000081a00000|100%|HS|  |TAMS 0x0000000081a00000, 0x0000000081900000| Complete 
|  26|0x0000000081a00000, 0x0000000081b00000, 0x0000000081b00000|100%|HC|  |TAMS 0x0000000081b00000, 0x0000000081a00000| Complete 
|  27|0x0000000081b00000, 0x0000000081c00000, 0x0000000081c00000|100%| O|  |TAMS 0x0000000081c00000, 0x0000000081b00000| Untracked 
|  28|0x0000000081c00000, 0x0000000081d00000, 0x0000000081d00000|100%| O|  |TAMS 0x0000000081d00000, 0x0000000081c00000| Untracked 
|  29|0x0000000081d00000, 0x0000000081e00000, 0x0000000081e00000|100%| O|  |TAMS 0x0000000081e00000, 0x0000000081d00000| Untracked 
|  30|0x0000000081e00000, 0x0000000081f00000, 0x0000000081f00000|100%| O|  |TAMS 0x0000000081f00000, 0x0000000081e00000| Untracked 
|  31|0x0000000081f00000, 0x0000000082000000, 0x0000000082000000|100%| O|  |TAMS 0x0000000082000000, 0x0000000081f00000| Untracked 
|  32|0x0000000082000000, 0x0000000082100000, 0x0000000082100000|100%| O|  |TAMS 0x0000000082100000, 0x0000000082000000| Untracked 
|  33|0x0000000082100000, 0x0000000082200000, 0x0000000082200000|100%| O|  |TAMS 0x0000000082200000, 0x0000000082100000| Untracked 
|  34|0x0000000082200000, 0x0000000082300000, 0x0000000082300000|100%| O|  |TAMS 0x0000000082300000, 0x0000000082200000| Untracked 
|  35|0x0000000082300000, 0x0000000082400000, 0x0000000082400000|100%| O|  |TAMS 0x0000000082400000, 0x0000000082300000| Untracked 
|  36|0x0000000082400000, 0x0000000082500000, 0x0000000082500000|100%| O|  |TAMS 0x0000000082500000, 0x0000000082400000| Untracked 
|  37|0x0000000082500000, 0x0000000082600000, 0x0000000082600000|100%| O|  |TAMS 0x0000000082600000, 0x0000000082500000| Untracked 
|  38|0x0000000082600000, 0x0000000082700000, 0x0000000082700000|100%| O|  |TAMS 0x0000000082700000, 0x0000000082600000| Untracked 
|  39|0x0000000082700000, 0x0000000082800000, 0x0000000082800000|100%| O|  |TAMS 0x0000000082800000, 0x0000000082700000| Untracked 
|  40|0x0000000082800000, 0x0000000082900000, 0x0000000082900000|100%| O|  |TAMS 0x0000000082900000, 0x0000000082800000| Untracked 
|  41|0x0000000082900000, 0x0000000082a00000, 0x0000000082a00000|100%| O|  |TAMS 0x0000000082a00000, 0x0000000082900000| Untracked 
|  42|0x0000000082a00000, 0x0000000082b00000, 0x0000000082b00000|100%| O|  |TAMS 0x0000000082b00000, 0x0000000082a00000| Untracked 
|  43|0x0000000082b00000, 0x0000000082b00000, 0x0000000082c00000|  0%| F|  |TAMS 0x0000000082b00000, 0x0000000082b00000| Untracked 
|  44|0x0000000082c00000, 0x0000000082c00000, 0x0000000082d00000|  0%| F|  |TAMS 0x0000000082c00000, 0x0000000082c00000| Untracked 
|  45|0x0000000082d00000, 0x0000000082d00000, 0x0000000082e00000|  0%| F|  |TAMS 0x0000000082d00000, 0x0000000082d00000| Untracked 
|  46|0x0000000082e00000, 0x0000000082e00000, 0x0000000082f00000|  0%| F|  |TAMS 0x0000000082e00000, 0x0000000082e00000| Untracked 
|  47|0x0000000082f00000, 0x0000000082f00000, 0x0000000083000000|  0%| F|  |TAMS 0x0000000082f00000, 0x0000000082f00000| Untracked 
|  48|0x0000000083000000, 0x0000000083000000, 0x0000000083100000|  0%| F|  |TAMS 0x0000000083000000, 0x0000000083000000| Untracked 
|  49|0x0000000083100000, 0x0000000083100000, 0x0000000083200000|  0%| F|  |TAMS 0x0000000083100000, 0x0000000083100000| Untracked 
|  50|0x0000000083200000, 0x0000000083200000, 0x0000000083300000|  0%| F|  |TAMS 0x0000000083200000, 0x0000000083200000| Untracked 
|  51|0x0000000083300000, 0x0000000083300000, 0x0000000083400000|  0%| F|  |TAMS 0x0000000083300000, 0x0000000083300000| Untracked 
|  52|0x0000000083400000, 0x0000000083400000, 0x0000000083500000|  0%| F|  |TAMS 0x0000000083400000, 0x0000000083400000| Untracked 
|  53|0x0000000083500000, 0x0000000083500000, 0x0000000083600000|  0%| F|  |TAMS 0x0000000083500000, 0x0000000083500000| Untracked 
|  54|0x0000000083600000, 0x0000000083600000, 0x0000000083700000|  0%| F|  |TAMS 0x0000000083600000, 0x0000000083600000| Untracked 
|  55|0x0000000083700000, 0x0000000083700000, 0x0000000083800000|  0%| F|  |TAMS 0x0000000083700000, 0x0000000083700000| Untracked 
|  56|0x0000000083800000, 0x0000000083800000, 0x0000000083900000|  0%| F|  |TAMS 0x0000000083800000, 0x0000000083800000| Untracked 
|  57|0x0000000083900000, 0x0000000083900000, 0x0000000083a00000|  0%| F|  |TAMS 0x0000000083900000, 0x0000000083900000| Untracked 
|  58|0x0000000083a00000, 0x0000000083a00000, 0x0000000083b00000|  0%| F|  |TAMS 0x0000000083a00000, 0x0000000083a00000| Untracked 
|  59|0x0000000083b00000, 0x0000000083b00000, 0x0000000083c00000|  0%| F|  |TAMS 0x0000000083b00000, 0x0000000083b00000| Untracked 
|  60|0x0000000083c00000, 0x0000000083c00000, 0x0000000083d00000|  0%| F|  |TAMS 0x0000000083c00000, 0x0000000083c00000| Untracked 
|  61|0x0000000083d00000, 0x0000000083d00000, 0x0000000083e00000|  0%| F|  |TAMS 0x0000000083d00000, 0x0000000083d00000| Untracked 
|  62|0x0000000083e00000, 0x0000000083e00000, 0x0000000083f00000|  0%| F|  |TAMS 0x0000000083e00000, 0x0000000083e00000| Untracked 
|  63|0x0000000083f00000, 0x0000000083f00000, 0x0000000084000000|  0%| F|  |TAMS 0x0000000083f00000, 0x0000000083f00000| Untracked 
|  64|0x0000000084000000, 0x0000000084000000, 0x0000000084100000|  0%| F|  |TAMS 0x0000000084000000, 0x0000000084000000| Untracked 
|  65|0x0000000084100000, 0x0000000084100000, 0x0000000084200000|  0%| F|  |TAMS 0x0000000084100000, 0x0000000084100000| Untracked 
|  66|0x0000000084200000, 0x0000000084200000, 0x0000000084300000|  0%| F|  |TAMS 0x0000000084200000, 0x0000000084200000| Untracked 
|  67|0x0000000084300000, 0x0000000084300000, 0x0000000084400000|  0%| F|  |TAMS 0x0000000084300000, 0x0000000084300000| Untracked 
|  68|0x0000000084400000, 0x0000000084400000, 0x0000000084500000|  0%| F|  |TAMS 0x0000000084400000, 0x0000000084400000| Untracked 
|  69|0x0000000084500000, 0x0000000084500000, 0x0000000084600000|  0%| F|  |TAMS 0x0000000084500000, 0x0000000084500000| Untracked 
|  70|0x0000000084600000, 0x0000000084600000, 0x0000000084700000|  0%| F|  |TAMS 0x0000000084600000, 0x0000000084600000| Untracked 
|  71|0x0000000084700000, 0x0000000084700000, 0x0000000084800000|  0%| F|  |TAMS 0x0000000084700000, 0x0000000084700000| Untracked 
|  72|0x0000000084800000, 0x0000000084800000, 0x0000000084900000|  0%| F|  |TAMS 0x0000000084800000, 0x0000000084800000| Untracked 
|  73|0x0000000084900000, 0x0000000084900000, 0x0000000084a00000|  0%| F|  |TAMS 0x0000000084900000, 0x0000000084900000| Untracked 
|  74|0x0000000084a00000, 0x0000000084a00000, 0x0000000084b00000|  0%| F|  |TAMS 0x0000000084a00000, 0x0000000084a00000| Untracked 
|  75|0x0000000084b00000, 0x0000000084b00000, 0x0000000084c00000|  0%| F|  |TAMS 0x0000000084b00000, 0x0000000084b00000| Untracked 
|  76|0x0000000084c00000, 0x0000000084c00000, 0x0000000084d00000|  0%| F|  |TAMS 0x0000000084c00000, 0x0000000084c00000| Untracked 
|  77|0x0000000084d00000, 0x0000000084d00000, 0x0000000084e00000|  0%| F|  |TAMS 0x0000000084d00000, 0x0000000084d00000| Untracked 
|  78|0x0000000084e00000, 0x0000000084e00000, 0x0000000084f00000|  0%| F|  |TAMS 0x0000000084e00000, 0x0000000084e00000| Untracked 
|  79|0x0000000084f00000, 0x0000000084f00000, 0x0000000085000000|  0%| F|  |TAMS 0x0000000084f00000, 0x0000000084f00000| Untracked 
|  80|0x0000000085000000, 0x0000000085000000, 0x0000000085100000|  0%| F|  |TAMS 0x0000000085000000, 0x0000000085000000| Untracked 
|  81|0x0000000085100000, 0x0000000085100000, 0x0000000085200000|  0%| F|  |TAMS 0x0000000085100000, 0x0000000085100000| Untracked 
|  82|0x0000000085200000, 0x0000000085200000, 0x0000000085300000|  0%| F|  |TAMS 0x0000000085200000, 0x0000000085200000| Untracked 
|  83|0x0000000085300000, 0x0000000085300000, 0x0000000085400000|  0%| F|  |TAMS 0x0000000085300000, 0x0000000085300000| Untracked 
|  84|0x0000000085400000, 0x0000000085400000, 0x0000000085500000|  0%| F|  |TAMS 0x0000000085400000, 0x0000000085400000| Untracked 
|  85|0x0000000085500000, 0x0000000085500000, 0x0000000085600000|  0%| F|  |TAMS 0x0000000085500000, 0x0000000085500000| Untracked 
|  86|0x0000000085600000, 0x0000000085600000, 0x0000000085700000|  0%| F|  |TAMS 0x0000000085600000, 0x0000000085600000| Untracked 
|  87|0x0000000085700000, 0x0000000085700000, 0x0000000085800000|  0%| F|  |TAMS 0x0000000085700000, 0x0000000085700000| Untracked 
|  88|0x0000000085800000, 0x0000000085800000, 0x0000000085900000|  0%| F|  |TAMS 0x0000000085800000, 0x0000000085800000| Untracked 
|  89|0x0000000085900000, 0x0000000085900000, 0x0000000085a00000|  0%| F|  |TAMS 0x0000000085900000, 0x0000000085900000| Untracked 
|  90|0x0000000085a00000, 0x0000000085a00000, 0x0000000085b00000|  0%| F|  |TAMS 0x0000000085a00000, 0x0000000085a00000| Untracked 
|  91|0x0000000085b00000, 0x0000000085b00000, 0x0000000085c00000|  0%| F|  |TAMS 0x0000000085b00000, 0x0000000085b00000| Untracked 
|  92|0x0000000085c00000, 0x0000000085c00000, 0x0000000085d00000|  0%| F|  |TAMS 0x0000000085c00000, 0x0000000085c00000| Untracked 
|  93|0x0000000085d00000, 0x0000000085d00000, 0x0000000085e00000|  0%| F|  |TAMS 0x0000000085d00000, 0x0000000085d00000| Untracked 
|  94|0x0000000085e00000, 0x0000000085e00000, 0x0000000085f00000|  0%| F|  |TAMS 0x0000000085e00000, 0x0000000085e00000| Untracked 
|  95|0x0000000085f00000, 0x0000000085f00000, 0x0000000086000000|  0%| F|  |TAMS 0x0000000085f00000, 0x0000000085f00000| Untracked 
|  96|0x0000000086000000, 0x0000000086000000, 0x0000000086100000|  0%| F|  |TAMS 0x0000000086000000, 0x0000000086000000| Untracked 
|  97|0x0000000086100000, 0x0000000086100000, 0x0000000086200000|  0%| F|  |TAMS 0x0000000086100000, 0x0000000086100000| Untracked 
|  98|0x0000000086200000, 0x0000000086200000, 0x0000000086300000|  0%| F|  |TAMS 0x0000000086200000, 0x0000000086200000| Untracked 
|  99|0x0000000086300000, 0x0000000086300000, 0x0000000086400000|  0%| F|  |TAMS 0x0000000086300000, 0x0000000086300000| Untracked 
| 100|0x0000000086400000, 0x0000000086400000, 0x0000000086500000|  0%| F|  |TAMS 0x0000000086400000, 0x0000000086400000| Untracked 
| 101|0x0000000086500000, 0x0000000086500000, 0x0000000086600000|  0%| F|  |TAMS 0x0000000086500000, 0x0000000086500000| Untracked 
| 102|0x0000000086600000, 0x0000000086600000, 0x0000000086700000|  0%| F|  |TAMS 0x0000000086600000, 0x0000000086600000| Untracked 
| 103|0x0000000086700000, 0x0000000086700000, 0x0000000086800000|  0%| F|  |TAMS 0x0000000086700000, 0x0000000086700000| Untracked 
| 104|0x0000000086800000, 0x0000000086800000, 0x0000000086900000|  0%| F|  |TAMS 0x0000000086800000, 0x0000000086800000| Untracked 
| 105|0x0000000086900000, 0x0000000086900000, 0x0000000086a00000|  0%| F|  |TAMS 0x0000000086900000, 0x0000000086900000| Untracked 
| 106|0x0000000086a00000, 0x0000000086a00000, 0x0000000086b00000|  0%| F|  |TAMS 0x0000000086a00000, 0x0000000086a00000| Untracked 
| 107|0x0000000086b00000, 0x0000000086b00000, 0x0000000086c00000|  0%| F|  |TAMS 0x0000000086b00000, 0x0000000086b00000| Untracked 
| 108|0x0000000086c00000, 0x0000000086c00000, 0x0000000086d00000|  0%| F|  |TAMS 0x0000000086c00000, 0x0000000086c00000| Untracked 
| 109|0x0000000086d00000, 0x0000000086d00000, 0x0000000086e00000|  0%| F|  |TAMS 0x0000000086d00000, 0x0000000086d00000| Untracked 
| 110|0x0000000086e00000, 0x0000000086e00000, 0x0000000086f00000|  0%| F|  |TAMS 0x0000000086e00000, 0x0000000086e00000| Untracked 
| 111|0x0000000086f00000, 0x0000000086f00000, 0x0000000087000000|  0%| F|  |TAMS 0x0000000086f00000, 0x0000000086f00000| Untracked 
| 112|0x0000000087000000, 0x0000000087000000, 0x0000000087100000|  0%| F|  |TAMS 0x0000000087000000, 0x0000000087000000| Untracked 
| 113|0x0000000087100000, 0x0000000087100000, 0x0000000087200000|  0%| F|  |TAMS 0x0000000087100000, 0x0000000087100000| Untracked 
| 114|0x0000000087200000, 0x0000000087200000, 0x0000000087300000|  0%| F|  |TAMS 0x0000000087200000, 0x0000000087200000| Untracked 
| 115|0x0000000087300000, 0x0000000087300000, 0x0000000087400000|  0%| F|  |TAMS 0x0000000087300000, 0x0000000087300000| Untracked 
| 116|0x0000000087400000, 0x0000000087400000, 0x0000000087500000|  0%| F|  |TAMS 0x0000000087400000, 0x0000000087400000| Untracked 
| 117|0x0000000087500000, 0x0000000087500000, 0x0000000087600000|  0%| F|  |TAMS 0x0000000087500000, 0x0000000087500000| Untracked 
| 118|0x0000000087600000, 0x0000000087600000, 0x0000000087700000|  0%| F|  |TAMS 0x0000000087600000, 0x0000000087600000| Untracked 
| 119|0x0000000087700000, 0x0000000087700000, 0x0000000087800000|  0%| F|  |TAMS 0x0000000087700000, 0x0000000087700000| Untracked 
| 120|0x0000000087800000, 0x0000000087800000, 0x0000000087900000|  0%| F|  |TAMS 0x0000000087800000, 0x0000000087800000| Untracked 
| 121|0x0000000087900000, 0x0000000087900000, 0x0000000087a00000|  0%| F|  |TAMS 0x0000000087900000, 0x0000000087900000| Untracked 
| 122|0x0000000087a00000, 0x0000000087a00000, 0x0000000087b00000|  0%| F|  |TAMS 0x0000000087a00000, 0x0000000087a00000| Untracked 
| 123|0x0000000087b00000, 0x0000000087b00000, 0x0000000087c00000|  0%| F|  |TAMS 0x0000000087b00000, 0x0000000087b00000| Untracked 
| 124|0x0000000087c00000, 0x0000000087c00000, 0x0000000087d00000|  0%| F|  |TAMS 0x0000000087c00000, 0x0000000087c00000| Untracked 
| 125|0x0000000087d00000, 0x0000000087d00000, 0x0000000087e00000|  0%| F|  |TAMS 0x0000000087d00000, 0x0000000087d00000| Untracked 
| 126|0x0000000087e00000, 0x0000000087e00000, 0x0000000087f00000|  0%| F|  |TAMS 0x0000000087e00000, 0x0000000087e00000| Untracked 
| 127|0x0000000087f00000, 0x0000000087f00000, 0x0000000088000000|  0%| F|  |TAMS 0x0000000087f00000, 0x0000000087f00000| Untracked 
| 128|0x0000000088000000, 0x0000000088000000, 0x0000000088100000|  0%| F|  |TAMS 0x0000000088000000, 0x0000000088000000| Untracked 
| 129|0x0000000088100000, 0x0000000088100000, 0x0000000088200000|  0%| F|  |TAMS 0x0000000088100000, 0x0000000088100000| Untracked 
| 130|0x0000000088200000, 0x0000000088200000, 0x0000000088300000|  0%| F|  |TAMS 0x0000000088200000, 0x0000000088200000| Untracked 
| 131|0x0000000088300000, 0x0000000088300000, 0x0000000088400000|  0%| F|  |TAMS 0x0000000088300000, 0x0000000088300000| Untracked 
| 132|0x0000000088400000, 0x0000000088400000, 0x0000000088500000|  0%| F|  |TAMS 0x0000000088400000, 0x0000000088400000| Untracked 
| 133|0x0000000088500000, 0x0000000088500000, 0x0000000088600000|  0%| F|  |TAMS 0x0000000088500000, 0x0000000088500000| Untracked 
| 134|0x0000000088600000, 0x0000000088600000, 0x0000000088700000|  0%| F|  |TAMS 0x0000000088600000, 0x0000000088600000| Untracked 
| 135|0x0000000088700000, 0x0000000088700000, 0x0000000088800000|  0%| F|  |TAMS 0x0000000088700000, 0x0000000088700000| Untracked 
| 136|0x0000000088800000, 0x0000000088800000, 0x0000000088900000|  0%| F|  |TAMS 0x0000000088800000, 0x0000000088800000| Untracked 
| 137|0x0000000088900000, 0x0000000088900000, 0x0000000088a00000|  0%| F|  |TAMS 0x0000000088900000, 0x0000000088900000| Untracked 
| 138|0x0000000088a00000, 0x0000000088a6f340, 0x0000000088b00000| 43%| S|CS|TAMS 0x0000000088a00000, 0x0000000088a00000| Complete 
| 139|0x0000000088b00000, 0x0000000088c00000, 0x0000000088c00000|100%| S|CS|TAMS 0x0000000088b00000, 0x0000000088b00000| Complete 
| 140|0x0000000088c00000, 0x0000000088d00000, 0x0000000088d00000|100%| S|CS|TAMS 0x0000000088c00000, 0x0000000088c00000| Complete 
| 141|0x0000000088d00000, 0x0000000088d00000, 0x0000000088e00000|  0%| F|  |TAMS 0x0000000088d00000, 0x0000000088d00000| Untracked 
| 142|0x0000000088e00000, 0x0000000088e00000, 0x0000000088f00000|  0%| F|  |TAMS 0x0000000088e00000, 0x0000000088e00000| Untracked 
| 143|0x0000000088f00000, 0x0000000088f00000, 0x0000000089000000|  0%| F|  |TAMS 0x0000000088f00000, 0x0000000088f00000| Untracked 
| 144|0x0000000089000000, 0x0000000089000000, 0x0000000089100000|  0%| F|  |TAMS 0x0000000089000000, 0x0000000089000000| Untracked 
| 145|0x0000000089100000, 0x0000000089100000, 0x0000000089200000|  0%| F|  |TAMS 0x0000000089100000, 0x0000000089100000| Untracked 
| 146|0x0000000089200000, 0x0000000089200000, 0x0000000089300000|  0%| F|  |TAMS 0x0000000089200000, 0x0000000089200000| Untracked 
| 147|0x0000000089300000, 0x0000000089300000, 0x0000000089400000|  0%| F|  |TAMS 0x0000000089300000, 0x0000000089300000| Untracked 
| 148|0x0000000089400000, 0x0000000089500000, 0x0000000089500000|100%| E|  |TAMS 0x0000000089400000, 0x0000000089400000| Complete 
| 149|0x0000000089500000, 0x0000000089600000, 0x0000000089600000|100%| E|CS|TAMS 0x0000000089500000, 0x0000000089500000| Complete 
| 150|0x0000000089600000, 0x0000000089700000, 0x0000000089700000|100%| E|CS|TAMS 0x0000000089600000, 0x0000000089600000| Complete 
| 151|0x0000000089700000, 0x0000000089800000, 0x0000000089800000|100%| E|CS|TAMS 0x0000000089700000, 0x0000000089700000| Complete 
| 152|0x0000000089800000, 0x0000000089900000, 0x0000000089900000|100%| E|CS|TAMS 0x0000000089800000, 0x0000000089800000| Complete 
| 153|0x0000000089900000, 0x0000000089a00000, 0x0000000089a00000|100%| E|CS|TAMS 0x0000000089900000, 0x0000000089900000| Complete 
| 154|0x0000000089a00000, 0x0000000089b00000, 0x0000000089b00000|100%| E|CS|TAMS 0x0000000089a00000, 0x0000000089a00000| Complete 
| 155|0x0000000089b00000, 0x0000000089c00000, 0x0000000089c00000|100%| E|CS|TAMS 0x0000000089b00000, 0x0000000089b00000| Complete 
| 156|0x0000000089c00000, 0x0000000089d00000, 0x0000000089d00000|100%| E|CS|TAMS 0x0000000089c00000, 0x0000000089c00000| Complete 
| 157|0x0000000089d00000, 0x0000000089e00000, 0x0000000089e00000|100%| E|CS|TAMS 0x0000000089d00000, 0x0000000089d00000| Complete 
| 158|0x0000000089e00000, 0x0000000089f00000, 0x0000000089f00000|100%| E|CS|TAMS 0x0000000089e00000, 0x0000000089e00000| Complete 
| 159|0x0000000089f00000, 0x000000008a000000, 0x000000008a000000|100%| E|CS|TAMS 0x0000000089f00000, 0x0000000089f00000| Complete 
| 160|0x000000008a000000, 0x000000008a100000, 0x000000008a100000|100%| E|CS|TAMS 0x000000008a000000, 0x000000008a000000| Complete 
| 161|0x000000008a100000, 0x000000008a200000, 0x000000008a200000|100%| E|CS|TAMS 0x000000008a100000, 0x000000008a100000| Complete 
| 162|0x000000008a200000, 0x000000008a300000, 0x000000008a300000|100%| E|  |TAMS 0x000000008a200000, 0x000000008a200000| Complete 
| 163|0x000000008a300000, 0x000000008a400000, 0x000000008a400000|100%| E|CS|TAMS 0x000000008a300000, 0x000000008a300000| Complete 
| 164|0x000000008a400000, 0x000000008a500000, 0x000000008a500000|100%| E|CS|TAMS 0x000000008a400000, 0x000000008a400000| Complete 
| 165|0x000000008a500000, 0x000000008a600000, 0x000000008a600000|100%| E|CS|TAMS 0x000000008a500000, 0x000000008a500000| Complete 
| 166|0x000000008a600000, 0x000000008a700000, 0x000000008a700000|100%| E|CS|TAMS 0x000000008a600000, 0x000000008a600000| Complete 
| 167|0x000000008a700000, 0x000000008a800000, 0x000000008a800000|100%| E|CS|TAMS 0x000000008a700000, 0x000000008a700000| Complete 
| 168|0x000000008a800000, 0x000000008a900000, 0x000000008a900000|100%| E|CS|TAMS 0x000000008a800000, 0x000000008a800000| Complete 
| 169|0x000000008a900000, 0x000000008aa00000, 0x000000008aa00000|100%| E|CS|TAMS 0x000000008a900000, 0x000000008a900000| Complete 
| 170|0x000000008aa00000, 0x000000008ab00000, 0x000000008ab00000|100%| E|CS|TAMS 0x000000008aa00000, 0x000000008aa00000| Complete 
| 171|0x000000008ab00000, 0x000000008ac00000, 0x000000008ac00000|100%| E|CS|TAMS 0x000000008ab00000, 0x000000008ab00000| Complete 
| 172|0x000000008ac00000, 0x000000008ad00000, 0x000000008ad00000|100%| E|CS|TAMS 0x000000008ac00000, 0x000000008ac00000| Complete 
| 173|0x000000008ad00000, 0x000000008ae00000, 0x000000008ae00000|100%| E|CS|TAMS 0x000000008ad00000, 0x000000008ad00000| Complete 
| 174|0x000000008ae00000, 0x000000008af00000, 0x000000008af00000|100%| E|CS|TAMS 0x000000008ae00000, 0x000000008ae00000| Complete 
| 175|0x000000008af00000, 0x000000008b000000, 0x000000008b000000|100%| E|CS|TAMS 0x000000008af00000, 0x000000008af00000| Complete 
| 176|0x000000008b000000, 0x000000008b100000, 0x000000008b100000|100%| E|CS|TAMS 0x000000008b000000, 0x000000008b000000| Complete 
| 177|0x000000008b100000, 0x000000008b200000, 0x000000008b200000|100%| E|CS|TAMS 0x000000008b100000, 0x000000008b100000| Complete 
| 178|0x000000008b200000, 0x000000008b300000, 0x000000008b300000|100%| E|CS|TAMS 0x000000008b200000, 0x000000008b200000| Complete 

Card table byte_map: [0x0000020afbc70000,0x0000020afc070000] _byte_map_base: 0x0000020afb870000

Marking Bits (Prev, Next): (CMBitMap*) 0x0000020af777d4f0, (CMBitMap*) 0x0000020af777d4b8
 Prev Bits: [0x0000020a8f000000, 0x0000020a91000000)
 Next Bits: [0x0000020afc470000, 0x0000020afe470000)

Polling page: 0x0000020af5cd0000

Metaspace:

Usage:
  Non-class:     53.42 MB capacity,    52.55 MB ( 98%) used,   727.55 KB (  1%) free+waste,   158.31 KB ( <1%) overhead. 
      Class:      8.18 MB capacity,     7.62 MB ( 93%) used,   499.94 KB (  6%) free+waste,    74.69 KB ( <1%) overhead. 
       Both:     61.60 MB capacity,    60.18 MB ( 98%) used,     1.20 MB (  2%) free+waste,   233.00 KB ( <1%) overhead. 

Virtual space:
  Non-class space:       54.00 MB reserved,      53.54 MB (>99%) committed 
      Class space:        1.00 GB reserved,       8.20 MB ( <1%) committed 
             Both:        1.05 GB reserved,      61.73 MB (  6%) committed 

Chunk freelists:
   Non-Class:  56.00 KB
       Class:  3.00 KB
        Both:  59.00 KB

MaxMetaspaceSize: 17179869184.00 GB
CompressedClassSpaceSize: 1.00 GB

CodeHeap 'non-profiled nmethods': size=120064Kb used=3309Kb max_used=3309Kb free=116754Kb
 bounds [0x0000020a87ac0000, 0x0000020a87e00000, 0x0000020a8f000000]
CodeHeap 'profiled nmethods': size=120000Kb used=12914Kb max_used=12914Kb free=107085Kb
 bounds [0x0000020a80590000, 0x0000020a81230000, 0x0000020a87ac0000]
CodeHeap 'non-nmethods': size=5696Kb used=2268Kb max_used=2294Kb free=3428Kb
 bounds [0x0000020a80000000, 0x0000020a80270000, 0x0000020a80590000]
 total_blobs=7026 nmethods=6181 adapters=756
 compilation: enabled
              stopped_count=0, restarted_count=0
 full_count=0

Compilation events (20 events):
Event: 12.780 Thread 0x0000020afeaad800 6189       3       org.objectweb.asm.Type::<init> (26 bytes)
Event: 12.780 Thread 0x0000020afeaad800 nmethod 6189 0x0000020a81216410 code [0x0000020a812165c0, 0x0000020a81216778]
Event: 12.780 Thread 0x0000020afeaad800 6190       3       org.objectweb.asm.Type::getTypeInternal (199 bytes)
Event: 12.781 Thread 0x0000020afeaad800 nmethod 6190 0x0000020a81216810 code [0x0000020a81216aa0, 0x0000020a81217888]
Event: 12.781 Thread 0x0000020afeaad800 6191       3       org.objectweb.asm.SymbolTable::get (13 bytes)
Event: 12.781 Thread 0x0000020afeaad800 nmethod 6191 0x0000020a81217d10 code [0x0000020a81217ec0, 0x0000020a81218018]
Event: 12.782 Thread 0x0000020afeaad800 6192       3       org.objectweb.asm.SymbolTable::hash (10 bytes)
Event: 12.782 Thread 0x0000020afeaad800 nmethod 6192 0x0000020a81218110 code [0x0000020a812182c0, 0x0000020a812183e8]
Event: 12.783 Thread 0x0000020afeaad800 6193       3       org.objectweb.asm.Type::equals (147 bytes)
Event: 12.783 Thread 0x0000020afeaad800 nmethod 6193 0x0000020a81218510 code [0x0000020a812187c0, 0x0000020a81219818]
Event: 12.785 Thread 0x0000020afeaad800 6194       3       org.objectweb.asm.SymbolTable::addConstantUtf8 (98 bytes)
Event: 12.786 Thread 0x0000020afeaad800 nmethod 6194 0x0000020a81219e10 code [0x0000020a8121a060, 0x0000020a8121a6f8]
Event: 12.786 Thread 0x0000020afeaad800 6195       3       org.objectweb.asm.ByteVector::putShort (52 bytes)
Event: 12.786 Thread 0x0000020afeaad800 nmethod 6195 0x0000020a8121aa90 code [0x0000020a8121ac60, 0x0000020a8121ae68]
Event: 12.797 Thread 0x0000020afeaad800 6196       3       sun.reflect.annotation.AnnotationParser::parseAnnotations2 (135 bytes)
Event: 12.798 Thread 0x0000020afeaad800 nmethod 6196 0x0000020a8121af90 code [0x0000020a8121b380, 0x0000020a8121cd38]
Event: 12.800 Thread 0x0000020afeaad800 6198       3       org.gradle.internal.instantiation.generator.AsmBackedClassGenerator$ClassBuilderImpl$$Lambda$141/0x00000001002da040::transform (8 bytes)
Event: 12.800 Thread 0x0000020afeaad800 nmethod 6198 0x0000020a8121d890 code [0x0000020a8121da60, 0x0000020a8121dc68]
Event: 12.800 Thread 0x0000020afeaad800 6199       1       org.gradle.internal.instantiation.generator.AbstractClassGenerator$PropertyMetadata::access$1300 (5 bytes)
Event: 12.800 Thread 0x0000020afeaad800 nmethod 6199 0x0000020a87dfb190 code [0x0000020a87dfb340, 0x0000020a87dfb3d8]

GC Heap History (20 events):
Event: 0.935 GC heap before
{Heap before GC invocations=1 (full 0):
 garbage-first heap   total 126976K, used 20116K [0x0000000080000000, 0x0000000100000000)
  region size 1024K, 14 young (14336K), 2 survivors (2048K)
 Metaspace       used 10272K, capacity 10559K, committed 10624K, reserved 1058816K
  class space    used 1071K, capacity 1141K, committed 1152K, reserved 1048576K
}
Event: 0.939 GC heap after
{Heap after GC invocations=2 (full 0):
 garbage-first heap   total 126976K, used 9295K [0x0000000080000000, 0x0000000100000000)
  region size 1024K, 2 young (2048K), 2 survivors (2048K)
 Metaspace       used 10272K, capacity 10559K, committed 10624K, reserved 1058816K
  class space    used 1071K, capacity 1141K, committed 1152K, reserved 1048576K
}
Event: 1.337 GC heap before
{Heap before GC invocations=2 (full 0):
 garbage-first heap   total 126976K, used 40015K [0x0000000080000000, 0x0000000100000000)
  region size 1024K, 32 young (32768K), 2 survivors (2048K)
 Metaspace       used 11251K, capacity 11514K, committed 11776K, reserved 1060864K
  class space    used 1174K, capacity 1246K, committed 1280K, reserved 1048576K
}
Event: 1.341 GC heap after
{Heap after GC invocations=3 (full 0):
 garbage-first heap   total 126976K, used 11480K [0x0000000080000000, 0x0000000100000000)
  region size 1024K, 4 young (4096K), 4 survivors (4096K)
 Metaspace       used 11251K, capacity 11514K, committed 11776K, reserved 1060864K
  class space    used 1174K, capacity 1246K, committed 1280K, reserved 1048576K
}
Event: 2.392 GC heap before
{Heap before GC invocations=3 (full 0):
 garbage-first heap   total 126976K, used 55512K [0x0000000080000000, 0x0000000100000000)
  region size 1024K, 47 young (48128K), 4 survivors (4096K)
 Metaspace       used 18036K, capacity 18513K, committed 18688K, reserved 1064960K
  class space    used 2145K, capacity 2285K, committed 2304K, reserved 1048576K
}
Event: 2.414 GC heap after
{Heap after GC invocations=4 (full 0):
 garbage-first heap   total 126976K, used 15862K [0x0000000080000000, 0x0000000100000000)
  region size 1024K, 6 young (6144K), 6 survivors (6144K)
 Metaspace       used 18036K, capacity 18513K, committed 18688K, reserved 1064960K
  class space    used 2145K, capacity 2285K, committed 2304K, reserved 1048576K
}
Event: 2.700 GC heap before
{Heap before GC invocations=4 (full 0):
 garbage-first heap   total 126976K, used 37366K [0x0000000080000000, 0x0000000100000000)
  region size 1024K, 28 young (28672K), 6 survivors (6144K)
 Metaspace       used 20656K, capacity 21108K, committed 21296K, reserved 1069056K
  class space    used 2533K, capacity 2660K, committed 2688K, reserved 1048576K
}
Event: 2.706 GC heap after
{Heap after GC invocations=5 (full 0):
 garbage-first heap   total 152576K, used 16942K [0x0000000080000000, 0x0000000100000000)
  region size 1024K, 1 young (1024K), 1 survivors (1024K)
 Metaspace       used 20656K, capacity 21108K, committed 21296K, reserved 1069056K
  class space    used 2533K, capacity 2660K, committed 2688K, reserved 1048576K
}
Event: 3.793 GC heap before
{Heap before GC invocations=6 (full 0):
 garbage-first heap   total 152576K, used 71214K [0x0000000080000000, 0x0000000100000000)
  region size 1024K, 54 young (55296K), 1 survivors (1024K)
 Metaspace       used 26157K, capacity 26771K, committed 26928K, reserved 1073152K
  class space    used 3420K, capacity 3618K, committed 3712K, reserved 1048576K
}
Event: 3.798 GC heap after
{Heap after GC invocations=7 (full 0):
 garbage-first heap   total 152576K, used 18783K [0x0000000080000000, 0x0000000100000000)
  region size 1024K, 3 young (3072K), 3 survivors (3072K)
 Metaspace       used 26157K, capacity 26771K, committed 26928K, reserved 1073152K
  class space    used 3420K, capacity 3618K, committed 3712K, reserved 1048576K
}
Event: 5.078 GC heap before
{Heap before GC invocations=7 (full 0):
 garbage-first heap   total 152576K, used 76127K [0x0000000080000000, 0x0000000100000000)
  region size 1024K, 60 young (61440K), 3 survivors (3072K)
 Metaspace       used 34888K, capacity 35652K, committed 35708K, reserved 1081344K
  class space    used 4539K, capacity 4861K, committed 4864K, reserved 1048576K
}
Event: 5.090 GC heap after
{Heap after GC invocations=8 (full 0):
 garbage-first heap   total 152576K, used 22314K [0x0000000080000000, 0x0000000100000000)
  region size 1024K, 7 young (7168K), 7 survivors (7168K)
 Metaspace       used 34888K, capacity 35652K, committed 35708K, reserved 1081344K
  class space    used 4539K, capacity 4861K, committed 4864K, reserved 1048576K
}
Event: 6.761 GC heap before
{Heap before GC invocations=9 (full 0):
 garbage-first heap   total 152576K, used 89898K [0x0000000080000000, 0x0000000100000000)
  region size 1024K, 71 young (72704K), 7 survivors (7168K)
 Metaspace       used 39960K, capacity 40890K, committed 40956K, reserved 1085440K
  class space    used 5110K, capacity 5471K, committed 5504K, reserved 1048576K
}
Event: 6.774 GC heap after
{Heap after GC invocations=10 (full 0):
 garbage-first heap   total 152576K, used 27591K [0x0000000080000000, 0x0000000100000000)
  region size 1024K, 9 young (9216K), 9 survivors (9216K)
 Metaspace       used 39960K, capacity 40890K, committed 40956K, reserved 1085440K
  class space    used 5110K, capacity 5471K, committed 5504K, reserved 1048576K
}
Event: 7.876 GC heap before
{Heap before GC invocations=10 (full 0):
 garbage-first heap   total 152576K, used 103367K [0x0000000080000000, 0x0000000100000000)
  region size 1024K, 83 young (84992K), 9 survivors (9216K)
 Metaspace       used 46657K, capacity 47862K, committed 48124K, reserved 1091584K
  class space    used 6016K, capacity 6467K, committed 6528K, reserved 1048576K
}
Event: 7.885 GC heap after
{Heap after GC invocations=11 (full 0):
 garbage-first heap   total 152576K, used 29825K [0x0000000080000000, 0x0000000100000000)
  region size 1024K, 8 young (8192K), 8 survivors (8192K)
 Metaspace       used 46657K, capacity 47862K, committed 48124K, reserved 1091584K
  class space    used 6016K, capacity 6467K, committed 6528K, reserved 1048576K
}
Event: 10.204 GC heap before
{Heap before GC invocations=11 (full 0):
 garbage-first heap   total 152576K, used 114817K [0x0000000080000000, 0x0000000100000000)
  region size 1024K, 87 young (89088K), 8 survivors (8192K)
 Metaspace       used 52393K, capacity 53717K, committed 54012K, reserved 1095680K
  class space    used 6665K, capacity 7185K, committed 7296K, reserved 1048576K
}
Event: 10.218 GC heap after
{Heap after GC invocations=12 (full 0):
 garbage-first heap   total 183296K, used 43607K [0x0000000080000000, 0x0000000100000000)
  region size 1024K, 11 young (11264K), 11 survivors (11264K)
 Metaspace       used 52393K, capacity 53717K, committed 54012K, reserved 1095680K
  class space    used 6665K, capacity 7185K, committed 7296K, reserved 1048576K
}
Event: 12.214 GC heap before
{Heap before GC invocations=12 (full 0):
 garbage-first heap   total 183296K, used 81495K [0x0000000080000000, 0x0000000100000000)
  region size 1024K, 49 young (50176K), 11 survivors (11264K)
 Metaspace       used 58438K, capacity 59815K, committed 59940K, reserved 1101824K
  class space    used 7416K, capacity 7912K, committed 7936K, reserved 1048576K
}
Event: 12.230 GC heap after
{Heap after GC invocations=13 (full 0):
 garbage-first heap   total 183296K, used 46524K [0x0000000080000000, 0x0000000100000000)
  region size 1024K, 3 young (3072K), 3 survivors (3072K)
 Metaspace       used 58438K, capacity 59815K, committed 59940K, reserved 1101824K
  class space    used 7416K, capacity 7912K, committed 7936K, reserved 1048576K
}

Deoptimization events (20 events):
Event: 12.594 Thread 0x0000020a94c47000 DEOPT PACKING pc=0x0000020a811c99f2 sp=0x00000089a97f3e90
Event: 12.594 Thread 0x0000020a94c47000 DEOPT UNPACKING pc=0x0000020a80027c0e sp=0x00000089a97f3308 mode 0
Event: 12.595 Thread 0x0000020a94c47000 Uncommon trap: trap_request=0xffffff4d fr.pc=0x0000020a87d2a59c relative=0x000000000000025c
Event: 12.595 Thread 0x0000020a94c47000 Uncommon trap: reason=unstable_if action=reinterpret pc=0x0000020a87d2a59c method=java.util.LinkedHashMap.get(Ljava/lang/Object;)Ljava/lang/Object; @ 20 c2
Event: 12.595 Thread 0x0000020a94c47000 DEOPT PACKING pc=0x0000020a87d2a59c sp=0x00000089a97f3a70
Event: 12.595 Thread 0x0000020a94c47000 DEOPT UNPACKING pc=0x0000020a800083af sp=0x00000089a97f3a28 mode 2
Event: 12.602 Thread 0x0000020a94c47000 Uncommon trap: trap_request=0xffffff4d fr.pc=0x0000020a87b9d6bc relative=0x00000000000003fc
Event: 12.602 Thread 0x0000020a94c47000 Uncommon trap: reason=unstable_if action=reinterpret pc=0x0000020a87b9d6bc method=java.lang.StringLatin1.regionMatchesCI([BI[BII)Z @ 66 c2
Event: 12.602 Thread 0x0000020a94c47000 DEOPT PACKING pc=0x0000020a87b9d6bc sp=0x00000089a97f37f0
Event: 12.602 Thread 0x0000020a94c47000 DEOPT UNPACKING pc=0x0000020a800083af sp=0x00000089a97f3758 mode 2
Event: 12.611 Thread 0x0000020a94c47000 DEOPT PACKING pc=0x0000020a811e7dfc sp=0x00000089a97f3640
Event: 12.611 Thread 0x0000020a94c47000 DEOPT UNPACKING pc=0x0000020a80027c0e sp=0x00000089a97f2b08 mode 0
Event: 12.613 Thread 0x0000020a94c47000 DEOPT PACKING pc=0x0000020a811e8c63 sp=0x00000089a97f35e0
Event: 12.613 Thread 0x0000020a94c47000 DEOPT UNPACKING pc=0x0000020a80027c0e sp=0x00000089a97f2aa0 mode 0
Event: 12.613 Thread 0x0000020a94c47000 DEOPT PACKING pc=0x0000020a811e84d0 sp=0x00000089a97f3590
Event: 12.613 Thread 0x0000020a94c47000 DEOPT UNPACKING pc=0x0000020a80027c0e sp=0x00000089a97f2a08 mode 0
Event: 12.630 Thread 0x0000020a94c47000 Uncommon trap: trap_request=0xffffff4d fr.pc=0x0000020a87db143c relative=0x000000000000009c
Event: 12.630 Thread 0x0000020a94c47000 Uncommon trap: reason=unstable_if action=reinterpret pc=0x0000020a87db143c method=java.security.CodeSource.matchCerts(Ljava/security/CodeSource;Z)Z @ 11 c2
Event: 12.630 Thread 0x0000020a94c47000 DEOPT PACKING pc=0x0000020a87db143c sp=0x00000089a97f0dc0
Event: 12.630 Thread 0x0000020a94c47000 DEOPT UNPACKING pc=0x0000020a800083af sp=0x00000089a97f0d58 mode 2

Classes redefined (0 events):
No events

Internal exceptions (20 events):
Event: 9.329 Thread 0x0000020a94d93000 Exception <a 'java/lang/NoSuchMethodError'{0x00000000862041a8}: <clinit>> (0x00000000862041a8) thrown at [./src/hotspot/share/prims/jni.cpp, line 1362]
Event: 9.330 Thread 0x0000020a94d93000 Exception <a 'java/lang/NoSuchMethodError'{0x000000008620e490}: <clinit>> (0x000000008620e490) thrown at [./src/hotspot/share/prims/jni.cpp, line 1362]
Event: 9.332 Thread 0x0000020a94d93000 Exception <a 'java/lang/NoSuchMethodError'{0x0000000086221ea8}: <clinit>> (0x0000000086221ea8) thrown at [./src/hotspot/share/prims/jni.cpp, line 1362]
Event: 9.347 Thread 0x0000020a94c47000 Exception <a 'java/lang/ClassNotFoundException'{0x00000000862627f8}: build_dwywjn9gf6r5yyaf2e512y7bbBeanInfo> (0x00000000862627f8) thrown at [./src/hotspot/share/classfile/systemDictionary.cpp, line 231]
Event: 9.347 Thread 0x0000020a94c47000 Exception <a 'java/lang/ClassNotFoundException'{0x000000008626d7b0}: build_dwywjn9gf6r5yyaf2e512y7bbCustomizer> (0x000000008626d7b0) thrown at [./src/hotspot/share/classfile/systemDictionary.cpp, line 231]
Event: 9.371 Thread 0x0000020a94c47000 Exception <a 'java/lang/ClassNotFoundException'{0x00000000861f1268}: org/gradle/api/internal/plugins/DefaultObjectConfigurationActionBeanInfo> (0x00000000861f1268) thrown at [./src/hotspot/share/classfile/systemDictionary.cpp, line 231]
Event: 9.372 Thread 0x0000020a94c47000 Exception <a 'java/lang/ClassNotFoundException'{0x0000000086026950}: org/gradle/api/internal/plugins/DefaultObjectConfigurationActionCustomizer> (0x0000000086026950) thrown at [./src/hotspot/share/classfile/systemDictionary.cpp, line 231]
Event: 9.773 Thread 0x0000020a94c47000 Exception <a 'java/lang/NoSuchMethodError'{0x0000000085672560}: 'java.lang.Object java.lang.invoke.DirectMethodHandle$Holder.invokeStatic(java.lang.Object, java.lang.Object, java.lang.Object, java.lang.Object, int)'> (0x0000000085672560) thrown at [./src/hotspot/share/interpreter/linkResolver.cpp, line 773]
Event: 9.773 Thread 0x0000020a94c47000 Exception <a 'java/lang/NoSuchMethodError'{0x0000000085676f58}: 'java.lang.Object java.lang.invoke.DirectMethodHandle$Holder.invokeSpecial(java.lang.Object, java.lang.Object, java.lang.Object, java.lang.Object, java.lang.Object, int)'> (0x0000000085676f58) thrown at [./src/hotspot/share/interpreter/linkResolver.cpp, line 773]
Event: 9.773 Thread 0x0000020a94c47000 Exception <a 'java/lang/NoSuchMethodError'{0x000000008567b598}: 'java.lang.Object java.lang.invoke.Invokers$Holder.linkToTargetMethod(java.lang.Object, java.lang.Object, java.lang.Object, int, java.lang.Object)'> (0x000000008567b598) thrown at [./src/hotspot/share/interpreter/linkResolver.cpp, line 773]
Event: 10.181 Thread 0x0000020a94c47000 Exception <a 'java/lang/NoSuchMethodError'{0x0000000084792ec8}: 'java.lang.Object java.lang.invoke.DirectMethodHandle$Holder.invokeSpecial(java.lang.Object, java.lang.Object, int, int, java.lang.Object, java.lang.Object, java.lang.Object)'> (0x0000000084792ec8) thrown at [./src/hotspot/share/interpreter/linkResolver.cpp, line 773]
Event: 10.181 Thread 0x0000020a94c47000 Exception <a 'java/lang/NoSuchMethodError'{0x0000000084797448}: 'java.lang.Object java.lang.invoke.DelegatingMethodHandle$Holder.reinvoke_L(java.lang.Object, int, int, java.lang.Object, java.lang.Object, java.lang.Object)'> (0x0000000084797448) thrown at [./src/hotspot/share/interpreter/linkResolver.cpp, line 773]
Event: 11.035 Thread 0x0000020a94c47000 Exception <a 'java/lang/NoSuchMethodError'{0x000000008a70cf28}: 'int java.lang.invoke.DirectMethodHandle$Holder.invokeInterface(java.lang.Object, java.lang.Object, java.lang.Object, java.lang.Object)'> (0x000000008a70cf28) thrown at [./src/hotspot/share/interpreter/linkResolver.cpp, line 773]
Event: 11.659 Thread 0x0000020a94c47000 Exception <a 'java/lang/NoSuchMethodError'{0x00000000898eb890}: 'void java.lang.invoke.DirectMethodHandle$Holder.invokeInterface(java.lang.Object, java.lang.Object, java.lang.Object, java.lang.Object)'> (0x00000000898eb890) thrown at [./src/hotspot/share/interpreter/linkResolver.cpp, line 773]
Event: 12.123 Thread 0x0000020a94c47000 Exception <a 'java/lang/IncompatibleClassChangeError'{0x0000000088f8b300}: Found class java.lang.Object, but interface was expected> (0x0000000088f8b300) thrown at [./src/hotspot/share/interpreter/linkResolver.cpp, line 839]
Event: 12.240 Thread 0x0000020a94c47000 Implicit null exception at 0x0000020a87db2154 to 0x0000020a87db2338
Event: 12.240 Thread 0x0000020a94c47000 Implicit null exception at 0x0000020a87d61039 to 0x0000020a87d6111c
Event: 12.432 Thread 0x0000020a94c47000 Implicit null exception at 0x0000020a87c1180b to 0x0000020a87c118e4
Event: 12.528 Thread 0x0000020a94c47000 Implicit null exception at 0x0000020a87c24a2c to 0x0000020a87c24cb0
Event: 12.675 Thread 0x0000020a94c47000 Exception <a 'sun/nio/fs/WindowsException'{0x0000000089da3078}> (0x0000000089da3078) thrown at [./src/hotspot/share/prims/jni.cpp, line 615]

Events (20 events):
Event: 12.804 loading class com/android/utils/HelpfulEnumConverter
Event: 12.804 loading class com/android/utils/HelpfulEnumConverter done
Event: 12.805 loading class com/android/build/gradle/internal/dsl/NdkOptions$DebugSymbolLevel
Event: 12.805 loading class com/android/build/gradle/internal/dsl/NdkOptions$DebugSymbolLevel done
Event: 12.806 loading class org/gradle/api/tasks/Input
Event: 12.806 loading class org/gradle/api/tasks/Input done
Event: 12.806 loading class org/gradle/api/tasks/Optional
Event: 12.806 loading class org/gradle/api/tasks/Optional done
Event: 12.808 loading class com/google/common/base/Converter$ConverterComposition
Event: 12.808 loading class com/google/common/base/Converter$ConverterComposition done
Event: 12.809 loading class com/google/common/base/Converter$IdentityConverter
Event: 12.809 loading class com/google/common/base/Converter$IdentityConverter done
Event: 12.810 loading class com/google/common/base/Converter$FunctionBasedConverter
Event: 12.810 loading class com/google/common/base/Converter$FunctionBasedConverter done
Event: 12.810 loading class com/google/common/base/Converter$ReverseConverter
Event: 12.810 loading class com/google/common/base/Converter$ReverseConverter done
Event: 12.811 loading class com/google/common/base/CaseFormat
Event: 12.811 loading class com/google/common/base/CaseFormat done
Event: 12.812 loading class com/google/common/base/CaseFormat$StringConverter
Event: 12.812 loading class com/google/common/base/CaseFormat$StringConverter done


Dynamic libraries:
0x00007ff799be0000 - 0x00007ff799bea000 	C:\Program Files\Android\Android Studio\jre\bin\java.exe
0x00007ff8dc0b0000 - 0x00007ff8dc2a5000 	C:\Windows\SYSTEM32\ntdll.dll
0x00007ff8dbdd0000 - 0x00007ff8dbe8e000 	C:\Windows\System32\KERNEL32.DLL
0x00007ff8d9930000 - 0x00007ff8d9bf8000 	C:\Windows\System32\KERNELBASE.dll
0x00007ff8d9c00000 - 0x00007ff8d9d00000 	C:\Windows\System32\ucrtbase.dll
0x00007ff8d2570000 - 0x00007ff8d2587000 	C:\Program Files\Android\Android Studio\jre\bin\VCRUNTIME140.dll
0x00007ff8cf8e0000 - 0x00007ff8cf8f9000 	C:\Program Files\Android\Android Studio\jre\bin\jli.dll
0x00007ff8c4310000 - 0x00007ff8c45aa000 	C:\Windows\WinSxS\amd64_microsoft.windows.common-controls_6595b64144ccf1df_6.0.19041.1110_none_60b5254171f9507e\COMCTL32.dll
0x00007ff8dbe90000 - 0x00007ff8dbf2e000 	C:\Windows\System32\msvcrt.dll
0x00007ff8db970000 - 0x00007ff8db99a000 	C:\Windows\System32\GDI32.dll
0x00007ff8d9900000 - 0x00007ff8d9922000 	C:\Windows\System32\win32u.dll
0x00007ff8d9d00000 - 0x00007ff8d9e0b000 	C:\Windows\System32\gdi32full.dll
0x00007ff8d97d0000 - 0x00007ff8d986d000 	C:\Windows\System32\msvcp_win.dll
0x00007ff8dbc30000 - 0x00007ff8dbdd0000 	C:\Windows\System32\USER32.dll
0x00007ff8da990000 - 0x00007ff8da9c0000 	C:\Windows\System32\IMM32.DLL
0x00007ff8ae660000 - 0x00007ff8ae6fd000 	C:\Program Files\Android\Android Studio\jre\bin\msvcp140.dll
0x00007ff8911c0000 - 0x00007ff891c95000 	C:\Program Files\Android\Android Studio\jre\bin\server\jvm.dll
0x00007ff8da460000 - 0x00007ff8da50e000 	C:\Windows\System32\ADVAPI32.dll
0x00007ff8da190000 - 0x00007ff8da22c000 	C:\Windows\System32\sechost.dll
0x00007ff8da230000 - 0x00007ff8da355000 	C:\Windows\System32\RPCRT4.dll
0x00007ff8da450000 - 0x00007ff8da458000 	C:\Windows\System32\PSAPI.DLL
0x00007ff8d2560000 - 0x00007ff8d2569000 	C:\Windows\SYSTEM32\WSOCK32.dll
0x00007ff8da3e0000 - 0x00007ff8da44b000 	C:\Windows\System32\WS2_32.dll
0x00007ff8c8a60000 - 0x00007ff8c8a87000 	C:\Windows\SYSTEM32\WINMM.dll
0x00007ff8ce0b0000 - 0x00007ff8ce0ba000 	C:\Windows\SYSTEM32\VERSION.dll
0x00007ff8d80b0000 - 0x00007ff8d80c2000 	C:\Windows\SYSTEM32\kernel.appcore.dll
0x00007ff8d0040000 - 0x00007ff8d0051000 	C:\Program Files\Android\Android Studio\jre\bin\verify.dll
0x00007ff8d7db0000 - 0x00007ff8d7f94000 	C:\Windows\SYSTEM32\DBGHELP.DLL
0x00007ff8ba060000 - 0x00007ff8ba08c000 	C:\Windows\SYSTEM32\dbgcore.DLL
0x00007ff8d9870000 - 0x00007ff8d98f2000 	C:\Windows\System32\bcryptPrimitives.dll
0x00007ff8cf6b0000 - 0x00007ff8cf6d9000 	C:\Program Files\Android\Android Studio\jre\bin\java.dll
0x00007ff8d0bf0000 - 0x00007ff8d0bfb000 	C:\Program Files\Android\Android Studio\jre\bin\jimage.dll
0x00007ff8d0020000 - 0x00007ff8d0038000 	C:\Program Files\Android\Android Studio\jre\bin\zip.dll
0x00007ff8dabf0000 - 0x00007ff8db334000 	C:\Windows\System32\SHELL32.dll
0x00007ff8d7330000 - 0x00007ff8d7ac4000 	C:\Windows\SYSTEM32\windows.storage.dll
0x00007ff8da570000 - 0x00007ff8da8c4000 	C:\Windows\System32\combase.dll
0x00007ff8d9240000 - 0x00007ff8d926c000 	C:\Windows\SYSTEM32\Wldp.dll
0x00007ff8daa70000 - 0x00007ff8dab1d000 	C:\Windows\System32\SHCORE.dll
0x00007ff8da360000 - 0x00007ff8da3b5000 	C:\Windows\System32\shlwapi.dll
0x00007ff8d9710000 - 0x00007ff8d972f000 	C:\Windows\SYSTEM32\profapi.dll
0x00007ff8cfba0000 - 0x00007ff8cfbba000 	C:\Program Files\Android\Android Studio\jre\bin\net.dll
0x00007ff8d0d30000 - 0x00007ff8d0e3a000 	C:\Windows\SYSTEM32\WINHTTP.dll
0x00007ff8d8fa0000 - 0x00007ff8d900a000 	C:\Windows\system32\mswsock.dll
0x00007ff8cf680000 - 0x00007ff8cf694000 	C:\Program Files\Android\Android Studio\jre\bin\nio.dll
0x00007ff8b2400000 - 0x00007ff8b2427000 	C:\Users\pjflm\.gradle\native\e1d6ef7f7dcc3fd88c89a11ec53ec762bb8ba0a96d01ffa2cd45eb1d1d8dd5c5\windows-amd64\native-platform.dll
0x00007ff87a410000 - 0x00007ff87a554000 	C:\Users\pjflm\.gradle\native\5664cfc778a61ccfe75a443a1ab52a65af34e5dc3c78e0209fed803814484fcb\windows-amd64\native-platform-file-events.dll
0x00007ff8cde60000 - 0x00007ff8cde6a000 	C:\Program Files\Android\Android Studio\jre\bin\management.dll
0x00007ff8cb920000 - 0x00007ff8cb92d000 	C:\Program Files\Android\Android Studio\jre\bin\management_ext.dll
0x00007ff8d9190000 - 0x00007ff8d91a8000 	C:\Windows\SYSTEM32\CRYPTSP.dll
0x00007ff8d88b0000 - 0x00007ff8d88e4000 	C:\Windows\system32\rsaenh.dll
0x00007ff8d9fc0000 - 0x00007ff8d9fe7000 	C:\Windows\System32\bcrypt.dll
0x00007ff8d96d0000 - 0x00007ff8d96fe000 	C:\Windows\SYSTEM32\USERENV.dll
0x00007ff8d91b0000 - 0x00007ff8d91bc000 	C:\Windows\SYSTEM32\CRYPTBASE.dll
0x00007ff8d8c40000 - 0x00007ff8d8c7b000 	C:\Windows\SYSTEM32\IPHLPAPI.DLL
0x00007ff8dc060000 - 0x00007ff8dc068000 	C:\Windows\System32\NSI.dll
0x00007ff8cdff0000 - 0x00007ff8ce007000 	C:\Windows\SYSTEM32\dhcpcsvc6.DLL
0x00007ff8cdfd0000 - 0x00007ff8cdfed000 	C:\Windows\SYSTEM32\dhcpcsvc.DLL
0x00007ff8d8c80000 - 0x00007ff8d8d4b000 	C:\Windows\SYSTEM32\DNSAPI.dll

dbghelp: loaded successfully - version: 4.0.5 - missing functions: none
symbol engine: initialized successfully - sym options: 0x614 - pdb path: .;C:\Program Files\Android\Android Studio\jre\bin;C:\Windows\SYSTEM32;C:\Windows\WinSxS\amd64_microsoft.windows.common-controls_6595b64144ccf1df_6.0.19041.1110_none_60b5254171f9507e;C:\Program Files\Android\Android Studio\jre\bin\server;C:\Users\pjflm\.gradle\native\e1d6ef7f7dcc3fd88c89a11ec53ec762bb8ba0a96d01ffa2cd45eb1d1d8dd5c5\windows-amd64;C:\Users\pjflm\.gradle\native\5664cfc778a61ccfe75a443a1ab52a65af34e5dc3c78e0209fed803814484fcb\windows-amd64

VM Arguments:
jvm_args: --add-opens=java.base/java.util=ALL-UNNAMED --add-opens=java.base/java.lang=ALL-UNNAMED --add-opens=java.base/java.lang.invoke=ALL-UNNAMED --add-opens=java.base/java.util=ALL-UNNAMED --add-opens=java.prefs/java.util.prefs=ALL-UNNAMED --add-opens=java.prefs/java.util.prefs=ALL-UNNAMED --add-opens=java.base/java.nio.charset=ALL-UNNAMED --add-opens=java.base/java.net=ALL-UNNAMED --add-opens=java.base/java.util.concurrent.atomic=ALL-UNNAMED -Xmx2048m -Dfile.encoding=UTF-8 -Duser.country=PT -Duser.language=pt -Duser.variant 
java_command: org.gradle.launcher.daemon.bootstrap.GradleDaemon 7.2
java_class_path (initial): C:\Users\pjflm\.gradle\wrapper\dists\gradle-7.2-bin\2dnblmf4td7x66yl1d74lt32g\gradle-7.2\lib\gradle-launcher-7.2.jar
Launcher Type: SUN_STANDARD

[Global flags]
     intx CICompilerCount                          = 3                                         {product} {ergonomic}
     uint ConcGCThreads                            = 1                                         {product} {ergonomic}
     uint G1ConcRefinementThreads                  = 4                                         {product} {ergonomic}
   size_t G1HeapRegionSize                         = 1048576                                   {product} {ergonomic}
    uintx GCDrainStackTargetSize                   = 64                                        {product} {ergonomic}
   size_t InitialHeapSize                          = 130023424                                 {product} {ergonomic}
   size_t MarkStackSize                            = 4194304                                   {product} {ergonomic}
   size_t MaxHeapSize                              = 2147483648                                {product} {command line}
   size_t MaxNewSize                               = 1287651328                                {product} {ergonomic}
   size_t MinHeapDeltaBytes                        = 1048576                                   {product} {ergonomic}
    uintx NonNMethodCodeHeapSize                   = 5830732                                {pd product} {ergonomic}
    uintx NonProfiledCodeHeapSize                  = 122913754                              {pd product} {ergonomic}
    uintx ProfiledCodeHeapSize                     = 122913754                              {pd product} {ergonomic}
    uintx ReservedCodeCacheSize                    = 251658240                              {pd product} {ergonomic}
     bool SegmentedCodeCache                       = true                                      {product} {ergonomic}
     bool UseCompressedClassPointers               = true                                 {lp64_product} {ergonomic}
     bool UseCompressedOops                        = true                                 {lp64_product} {ergonomic}
     bool UseG1GC                                  = true                                      {product} {ergonomic}
     bool UseLargePagesIndividualAllocation        = false                                  {pd product} {ergonomic}

Logging:
Log output configuration:
 #0: stdout all=warning uptime,level,tags
 #1: stderr all=off uptime,level,tags

Environment Variables:
PATH=C:\Program Files\Common Files\Oracle\Java\javapath;C:\Program Files (x86)\Common Files\Oracle\Java\javapath;C:\Windows\system32;C:\Windows;C:\Windows\System32\Wbem;C:\Windows\System32\WindowsPowerShell\v1.0\;C:\Windows\System32\OpenSSH\;C:\Program Files\Microsoft SQL Server\150\Tools\Binn\;C:\Program Files\Microsoft SQL Server\Client SDK\ODBC\170\Tools\Binn\;C:\Program Files\Git\cmd;C:\Program Files\dotnet\;C:\Users\pjflm\AppData\Local\Microsoft\WindowsApps;C:\Users\pjflm\.dotnet\tools;C:\Users\pjflm\AppData\Local\Programs\Microsoft VS Code\bin
USERNAME=pjflm
OS=Windows_NT
PROCESSOR_IDENTIFIER=Intel64 Family 6 Model 140 Stepping 1, GenuineIntel



---------------  S Y S T E M  ---------------

OS: Windows 10 , 64 bit Build 19041 (10.0.19041.1645)
OS uptime: 1 days 13:03 hours

CPU:total 4 (initial active 4) (2 cores per cpu, 2 threads per core) family 6 model 140 stepping 1 microcode 0x86, cmov, cx8, fxsr, mmx, sse, sse2, sse3, ssse3, sse4.1, sse4.2, popcnt, avx, avx2, aes, clmul, erms, 3dnowpref, lzcnt, ht, tsc, tscinvbit, bmi1, bmi2, adx, evex, sha, fma

Memory: 4k page, system-wide physical 7886M (187M free)
TotalPageFile size 32462M (AvailPageFile size 0M)
current process WorkingSet (physical memory assigned to process): 356M, peak: 356M
current process commit charge ("private bytes"): 394M, peak: 395M

vm_info: OpenJDK 64-Bit Server VM (11.0.11+9-b60-7590822) for windows-amd64 JRE (11.0.11+9-b60-7590822), built on Jul 29 2021 21:43:44 by "builder" with MS VC++ 14.0 (VS2015)

END.
